9-19-2025 22:06:57 - log: Load engine in C:\ProgramData\cocos\editors\Creator\3.8.7\resources\resources\3d\engine
9-19-2025 22:06:57 - log: Register native engine in C:\ProgramData\cocos\editors\Creator\3.8.7\resources\resources\3d\engine\native
9-19-2025 22:06:59 - log: Request namespace: device-list
9-19-2025 22:07:27 - log: [Scene] meshopt wasm decoder initialized
9-19-2025 22:07:27 - log: [Scene] [box2d]:box2d wasm lib loaded.
9-19-2025 22:07:28 - log: [Scene] [bullet]:bullet wasm lib loaded.
9-19-2025 22:07:28 - log: [Scene] [PHYSICS]: using builtin.
9-19-2025 22:07:28 - log: [Scene] Cocos Creator v3.8.7
9-19-2025 22:07:28 - log: [Scene] Using custom pipeline: Builtin
9-19-2025 22:07:28 - log: [Scene] [PHYSICS2D]: switch from builtin to box2d.
9-19-2025 22:08:48 - warn: [Scene] Missing class: 1e9f7L/PCtMw4JPgUS+q1hGError: [Scene] Missing class: 1e9f7L/PCtMw4JPgUS+q1hG
    at console.warn (C:\ProgramData\cocos\editors\Creator\3.8.7\resources\app.asar\node_modules\@sentry\core\src\utils-hoist\instrument\console.ts:40:14)
    at Object.classFinder (C:\ProgramData\cocos\editors\Creator\3.8.7\resources\app.asar\builtin\engine\dist\editor-extends\missing-reporter\missing-class-reporter.ccc:7:982)
    at _Deserializer.classFinder [as _classFinder] (C:\ProgramData\cocos\editors\Creator\3.8.7\resources\resources\3d\engine\bin\.cache\dev\editor\bundled\index.js:131121:34)
    at _Deserializer._deserializeTypeTaggedObject (C:\ProgramData\cocos\editors\Creator\3.8.7\resources\resources\3d\engine\bin\.cache\dev\editor\bundled\index.js:44100:30)
    at _Deserializer._deserializeObject (C:\ProgramData\cocos\editors\Creator\3.8.7\resources\resources\3d\engine\bin\.cache\dev\editor\bundled\index.js:44054:29)
    at _Deserializer._deserializeAndAssignField (C:\ProgramData\cocos\editors\Creator\3.8.7\resources\resources\3d\engine\bin\.cache\dev\editor\bundled\index.js:44221:38)
    at _Deserializer._deserializeArray (C:\ProgramData\cocos\editors\Creator\3.8.7\resources\resources\3d\engine\bin\.cache\dev\editor\bundled\index.js:44082:40)
    at _Deserializer._deserializeObject (C:\ProgramData\cocos\editors\Creator\3.8.7\resources\resources\3d\engine\bin\.cache\dev\editor\bundled\index.js:44060:29)
    at _Deserializer._deserializeAndAssignField (C:\ProgramData\cocos\editors\Creator\3.8.7\resources\resources\3d\engine\bin\.cache\dev\editor\bundled\index.js:44233:36)
    at eval (C:\ProgramData\cocos\editors\Creator\3.8.7\resources\resources\3d\engine\bin\.cache\dev\editor\bundled\index.js:43822:15)
    at _Deserializer._deserializeFireClass (C:\ProgramData\cocos\editors\Creator\3.8.7\resources\resources\3d\engine\bin\.cache\dev\editor\bundled\index.js:44204:11)
    at _Deserializer._deserializeInto (C:\ProgramData\cocos\editors\Creator\3.8.7\resources\resources\3d\engine\bin\.cache\dev\editor\bundled\index.js:44146:18)
    at _Deserializer._deserializeTypeTaggedObject (C:\ProgramData\cocos\editors\Creator\3.8.7\resources\resources\3d\engine\bin\.cache\dev\editor\bundled\index.js:44118:18)
    at _Deserializer._deserializeObject (C:\ProgramData\cocos\editors\Creator\3.8.7\resources\resources\3d\engine\bin\.cache\dev\editor\bundled\index.js:44054:29)
    at _Deserializer._deserializeAndAssignField (C:\ProgramData\cocos\editors\Creator\3.8.7\resources\resources\3d\engine\bin\.cache\dev\editor\bundled\index.js:44221:38)
    at _Deserializer._deserializeArray (C:\ProgramData\cocos\editors\Creator\3.8.7\resources\resources\3d\engine\bin\.cache\dev\editor\bundled\index.js:44082:40)
    at _Deserializer._deserializeObject (C:\ProgramData\cocos\editors\Creator\3.8.7\resources\resources\3d\engine\bin\.cache\dev\editor\bundled\index.js:44060:29)
    at _Deserializer._deserializeAndAssignField (C:\ProgramData\cocos\editors\Creator\3.8.7\resources\resources\3d\engine\bin\.cache\dev\editor\bundled\index.js:44233:36)
    at eval (C:\ProgramData\cocos\editors\Creator\3.8.7\resources\resources\3d\engine\bin\.cache\dev\editor\bundled\index.js:43822:15)
    at _Deserializer._deserializeFireClass (C:\ProgramData\cocos\editors\Creator\3.8.7\resources\resources\3d\engine\bin\.cache\dev\editor\bundled\index.js:44204:11)
    at _Deserializer._deserializeInto (C:\ProgramData\cocos\editors\Creator\3.8.7\resources\resources\3d\engine\bin\.cache\dev\editor\bundled\index.js:44146:18)
    at _Deserializer._deserializeTypeTaggedObject (C:\ProgramData\cocos\editors\Creator\3.8.7\resources\resources\3d\engine\bin\.cache\dev\editor\bundled\index.js:44118:18)
    at _Deserializer._deserializeObject (C:\ProgramData\cocos\editors\Creator\3.8.7\resources\resources\3d\engine\bin\.cache\dev\editor\bundled\index.js:44054:29)
    at _Deserializer._deserializeAndAssignField (C:\ProgramData\cocos\editors\Creator\3.8.7\resources\resources\3d\engine\bin\.cache\dev\editor\bundled\index.js:44221:38)
    at _Deserializer._deserializeArray (C:\ProgramData\cocos\editors\Creator\3.8.7\resources\resources\3d\engine\bin\.cache\dev\editor\bundled\index.js:44082:40)
    at _Deserializer._deserializeObject (C:\ProgramData\cocos\editors\Creator\3.8.7\resources\resources\3d\engine\bin\.cache\dev\editor\bundled\index.js:44060:29)
    at _Deserializer._deserializeAndAssignField (C:\ProgramData\cocos\editors\Creator\3.8.7\resources\resources\3d\engine\bin\.cache\dev\editor\bundled\index.js:44233:36)
    at eval (C:\ProgramData\cocos\editors\Creator\3.8.7\resources\resources\3d\engine\bin\.cache\dev\editor\bundled\index.js:43822:15)
    at _Deserializer._deserializeFireClass (C:\ProgramData\cocos\editors\Creator\3.8.7\resources\resources\3d\engine\bin\.cache\dev\editor\bundled\index.js:44204:11)
    at _Deserializer._deserializeInto (C:\ProgramData\cocos\editors\Creator\3.8.7\resources\resources\3d\engine\bin\.cache\dev\editor\bundled\index.js:44146:18)
    at _Deserializer._deserializeTypeTaggedObject (C:\ProgramData\cocos\editors\Creator\3.8.7\resources\resources\3d\engine\bin\.cache\dev\editor\bundled\index.js:44118:18)
    at _Deserializer._deserializeObject (C:\ProgramData\cocos\editors\Creator\3.8.7\resources\resources\3d\engine\bin\.cache\dev\editor\bundled\index.js:44054:29)
    at _Deserializer._deserializeAndAssignField (C:\ProgramData\cocos\editors\Creator\3.8.7\resources\resources\3d\engine\bin\.cache\dev\editor\bundled\index.js:44221:38)
    at _Deserializer._deserializeArray (C:\ProgramData\cocos\editors\Creator\3.8.7\resources\resources\3d\engine\bin\.cache\dev\editor\bundled\index.js:44082:40)
    at _Deserializer._deserializeObject (C:\ProgramData\cocos\editors\Creator\3.8.7\resources\resources\3d\engine\bin\.cache\dev\editor\bundled\index.js:44060:29)
    at _Deserializer._deserializeAndAssignField (C:\ProgramData\cocos\editors\Creator\3.8.7\resources\resources\3d\engine\bin\.cache\dev\editor\bundled\index.js:44233:36)
    at eval (C:\ProgramData\cocos\editors\Creator\3.8.7\resources\resources\3d\engine\bin\.cache\dev\editor\bundled\index.js:43822:15)
    at _Deserializer._deserializeFireClass (C:\ProgramData\cocos\editors\Creator\3.8.7\resources\resources\3d\engine\bin\.cache\dev\editor\bundled\index.js:44204:11)
    at _Deserializer._deserializeInto (C:\ProgramData\cocos\editors\Creator\3.8.7\resources\resources\3d\engine\bin\.cache\dev\editor\bundled\index.js:44146:18)
    at _Deserializer._deserializeTypeTaggedObject (C:\ProgramData\cocos\editors\Creator\3.8.7\resources\resources\3d\engine\bin\.cache\dev\editor\bundled\index.js:44118:18)
    at _Deserializer._deserializeObject (C:\ProgramData\cocos\editors\Creator\3.8.7\resources\resources\3d\engine\bin\.cache\dev\editor\bundled\index.js:44054:29)
    at _Deserializer._deserializeAndAssignField (C:\ProgramData\cocos\editors\Creator\3.8.7\resources\resources\3d\engine\bin\.cache\dev\editor\bundled\index.js:44221:38)
    at eval (C:\ProgramData\cocos\editors\Creator\3.8.7\resources\resources\3d\engine\bin\.cache\dev\editor\bundled\index.js:43822:15)
    at _Deserializer._deserializeFireClass (C:\ProgramData\cocos\editors\Creator\3.8.7\resources\resources\3d\engine\bin\.cache\dev\editor\bundled\index.js:44204:11)
    at _Deserializer._deserializeInto (C:\ProgramData\cocos\editors\Creator\3.8.7\resources\resources\3d\engine\bin\.cache\dev\editor\bundled\index.js:44146:18)
    at _Deserializer._deserializeTypeTaggedObject (C:\ProgramData\cocos\editors\Creator\3.8.7\resources\resources\3d\engine\bin\.cache\dev\editor\bundled\index.js:44118:18)
    at _Deserializer._deserializeObject (C:\ProgramData\cocos\editors\Creator\3.8.7\resources\resources\3d\engine\bin\.cache\dev\editor\bundled\index.js:44054:29)
9-19-2025 22:08:48 - error: [Scene] Script "1e9f7L/PCtMw4JPgUS+q1hG" attached to "head" is missing or invalid. Detailed information:
Node path: "Canvas/snake/head"
Script file: "C:\Users\ADMIN\snakegame\assets\SnakeController.ts"
Script deleted time: "9/19/2025, 10:08:48 PM"
Script UUID: "1e9f72ff-3c2b-4cc3-824f-8144beab5846"
Class ID: "1e9f7L/PCtMw4JPgUS+q1hG"
Error: [Scene] Script "1e9f7L/PCtMw4JPgUS+q1hG" attached to "head" is missing or invalid. Detailed information:
Node path: "Canvas/snake/head"
Script file: "C:\Users\ADMIN\snakegame\assets\SnakeController.ts"
Script deleted time: "9/19/2025, 10:08:48 PM"
Script UUID: "1e9f72ff-3c2b-4cc3-824f-8144beab5846"
Class ID: "1e9f7L/PCtMw4JPgUS+q1hG"

    at console.error (C:\ProgramData\cocos\editors\Creator\3.8.7\resources\app.asar\node_modules\@sentry\core\src\utils-hoist\instrument\console.ts:40:14)
    at report (C:\ProgramData\cocos\editors\Creator\3.8.7\resources\app.asar\builtin\engine\dist\editor-extends\missing-reporter\missing-class-reporter.ccc:7:25)
    at reportByWalker (C:\ProgramData\cocos\editors\Creator\3.8.7\resources\app.asar\builtin\engine\dist\editor-extends\missing-reporter\missing-class-reporter.ccc:7:127)
9-19-2025 22:10:14 - warn: [Scene] Missing class: 1e9f7L/PCtMw4JPgUS+q1hGError: [Scene] Missing class: 1e9f7L/PCtMw4JPgUS+q1hG
    at console.warn (C:\ProgramData\cocos\editors\Creator\3.8.7\resources\app.asar\node_modules\@sentry\core\src\utils-hoist\instrument\console.ts:40:14)
    at Object.classFinder (C:\ProgramData\cocos\editors\Creator\3.8.7\resources\app.asar\builtin\engine\dist\editor-extends\missing-reporter\missing-class-reporter.ccc:7:982)
    at _Deserializer.classFinder [as _classFinder] (C:\ProgramData\cocos\editors\Creator\3.8.7\resources\resources\3d\engine\bin\.cache\dev\editor\bundled\index.js:131121:34)
    at _Deserializer._deserializeTypeTaggedObject (C:\ProgramData\cocos\editors\Creator\3.8.7\resources\resources\3d\engine\bin\.cache\dev\editor\bundled\index.js:44100:30)
    at _Deserializer._deserializeObject (C:\ProgramData\cocos\editors\Creator\3.8.7\resources\resources\3d\engine\bin\.cache\dev\editor\bundled\index.js:44054:29)
    at _Deserializer._deserializeAndAssignField (C:\ProgramData\cocos\editors\Creator\3.8.7\resources\resources\3d\engine\bin\.cache\dev\editor\bundled\index.js:44221:38)
    at _Deserializer._deserializeArray (C:\ProgramData\cocos\editors\Creator\3.8.7\resources\resources\3d\engine\bin\.cache\dev\editor\bundled\index.js:44082:40)
    at _Deserializer._deserializeObject (C:\ProgramData\cocos\editors\Creator\3.8.7\resources\resources\3d\engine\bin\.cache\dev\editor\bundled\index.js:44060:29)
    at _Deserializer._deserializeAndAssignField (C:\ProgramData\cocos\editors\Creator\3.8.7\resources\resources\3d\engine\bin\.cache\dev\editor\bundled\index.js:44233:36)
    at eval (C:\ProgramData\cocos\editors\Creator\3.8.7\resources\resources\3d\engine\bin\.cache\dev\editor\bundled\index.js:43822:15)
    at _Deserializer._deserializeFireClass (C:\ProgramData\cocos\editors\Creator\3.8.7\resources\resources\3d\engine\bin\.cache\dev\editor\bundled\index.js:44204:11)
    at _Deserializer._deserializeInto (C:\ProgramData\cocos\editors\Creator\3.8.7\resources\resources\3d\engine\bin\.cache\dev\editor\bundled\index.js:44146:18)
    at _Deserializer._deserializeTypeTaggedObject (C:\ProgramData\cocos\editors\Creator\3.8.7\resources\resources\3d\engine\bin\.cache\dev\editor\bundled\index.js:44118:18)
    at _Deserializer._deserializeObject (C:\ProgramData\cocos\editors\Creator\3.8.7\resources\resources\3d\engine\bin\.cache\dev\editor\bundled\index.js:44054:29)
    at _Deserializer._deserializeAndAssignField (C:\ProgramData\cocos\editors\Creator\3.8.7\resources\resources\3d\engine\bin\.cache\dev\editor\bundled\index.js:44221:38)
    at _Deserializer._deserializeArray (C:\ProgramData\cocos\editors\Creator\3.8.7\resources\resources\3d\engine\bin\.cache\dev\editor\bundled\index.js:44082:40)
    at _Deserializer._deserializeObject (C:\ProgramData\cocos\editors\Creator\3.8.7\resources\resources\3d\engine\bin\.cache\dev\editor\bundled\index.js:44060:29)
    at _Deserializer._deserializeAndAssignField (C:\ProgramData\cocos\editors\Creator\3.8.7\resources\resources\3d\engine\bin\.cache\dev\editor\bundled\index.js:44233:36)
    at eval (C:\ProgramData\cocos\editors\Creator\3.8.7\resources\resources\3d\engine\bin\.cache\dev\editor\bundled\index.js:43822:15)
    at _Deserializer._deserializeFireClass (C:\ProgramData\cocos\editors\Creator\3.8.7\resources\resources\3d\engine\bin\.cache\dev\editor\bundled\index.js:44204:11)
    at _Deserializer._deserializeInto (C:\ProgramData\cocos\editors\Creator\3.8.7\resources\resources\3d\engine\bin\.cache\dev\editor\bundled\index.js:44146:18)
    at _Deserializer._deserializeTypeTaggedObject (C:\ProgramData\cocos\editors\Creator\3.8.7\resources\resources\3d\engine\bin\.cache\dev\editor\bundled\index.js:44118:18)
    at _Deserializer._deserializeObject (C:\ProgramData\cocos\editors\Creator\3.8.7\resources\resources\3d\engine\bin\.cache\dev\editor\bundled\index.js:44054:29)
    at _Deserializer._deserializeAndAssignField (C:\ProgramData\cocos\editors\Creator\3.8.7\resources\resources\3d\engine\bin\.cache\dev\editor\bundled\index.js:44221:38)
    at _Deserializer._deserializeArray (C:\ProgramData\cocos\editors\Creator\3.8.7\resources\resources\3d\engine\bin\.cache\dev\editor\bundled\index.js:44082:40)
    at _Deserializer._deserializeObject (C:\ProgramData\cocos\editors\Creator\3.8.7\resources\resources\3d\engine\bin\.cache\dev\editor\bundled\index.js:44060:29)
    at _Deserializer._deserializeAndAssignField (C:\ProgramData\cocos\editors\Creator\3.8.7\resources\resources\3d\engine\bin\.cache\dev\editor\bundled\index.js:44233:36)
    at eval (C:\ProgramData\cocos\editors\Creator\3.8.7\resources\resources\3d\engine\bin\.cache\dev\editor\bundled\index.js:43822:15)
    at _Deserializer._deserializeFireClass (C:\ProgramData\cocos\editors\Creator\3.8.7\resources\resources\3d\engine\bin\.cache\dev\editor\bundled\index.js:44204:11)
    at _Deserializer._deserializeInto (C:\ProgramData\cocos\editors\Creator\3.8.7\resources\resources\3d\engine\bin\.cache\dev\editor\bundled\index.js:44146:18)
    at _Deserializer._deserializeTypeTaggedObject (C:\ProgramData\cocos\editors\Creator\3.8.7\resources\resources\3d\engine\bin\.cache\dev\editor\bundled\index.js:44118:18)
    at _Deserializer._deserializeObject (C:\ProgramData\cocos\editors\Creator\3.8.7\resources\resources\3d\engine\bin\.cache\dev\editor\bundled\index.js:44054:29)
    at _Deserializer._deserializeAndAssignField (C:\ProgramData\cocos\editors\Creator\3.8.7\resources\resources\3d\engine\bin\.cache\dev\editor\bundled\index.js:44221:38)
    at _Deserializer._deserializeArray (C:\ProgramData\cocos\editors\Creator\3.8.7\resources\resources\3d\engine\bin\.cache\dev\editor\bundled\index.js:44082:40)
    at _Deserializer._deserializeObject (C:\ProgramData\cocos\editors\Creator\3.8.7\resources\resources\3d\engine\bin\.cache\dev\editor\bundled\index.js:44060:29)
    at _Deserializer._deserializeAndAssignField (C:\ProgramData\cocos\editors\Creator\3.8.7\resources\resources\3d\engine\bin\.cache\dev\editor\bundled\index.js:44233:36)
    at eval (C:\ProgramData\cocos\editors\Creator\3.8.7\resources\resources\3d\engine\bin\.cache\dev\editor\bundled\index.js:43822:15)
    at _Deserializer._deserializeFireClass (C:\ProgramData\cocos\editors\Creator\3.8.7\resources\resources\3d\engine\bin\.cache\dev\editor\bundled\index.js:44204:11)
    at _Deserializer._deserializeInto (C:\ProgramData\cocos\editors\Creator\3.8.7\resources\resources\3d\engine\bin\.cache\dev\editor\bundled\index.js:44146:18)
    at _Deserializer._deserializeTypeTaggedObject (C:\ProgramData\cocos\editors\Creator\3.8.7\resources\resources\3d\engine\bin\.cache\dev\editor\bundled\index.js:44118:18)
    at _Deserializer._deserializeObject (C:\ProgramData\cocos\editors\Creator\3.8.7\resources\resources\3d\engine\bin\.cache\dev\editor\bundled\index.js:44054:29)
    at _Deserializer._deserializeAndAssignField (C:\ProgramData\cocos\editors\Creator\3.8.7\resources\resources\3d\engine\bin\.cache\dev\editor\bundled\index.js:44221:38)
    at eval (C:\ProgramData\cocos\editors\Creator\3.8.7\resources\resources\3d\engine\bin\.cache\dev\editor\bundled\index.js:43822:15)
    at _Deserializer._deserializeFireClass (C:\ProgramData\cocos\editors\Creator\3.8.7\resources\resources\3d\engine\bin\.cache\dev\editor\bundled\index.js:44204:11)
    at _Deserializer._deserializeInto (C:\ProgramData\cocos\editors\Creator\3.8.7\resources\resources\3d\engine\bin\.cache\dev\editor\bundled\index.js:44146:18)
    at _Deserializer._deserializeTypeTaggedObject (C:\ProgramData\cocos\editors\Creator\3.8.7\resources\resources\3d\engine\bin\.cache\dev\editor\bundled\index.js:44118:18)
    at _Deserializer._deserializeObject (C:\ProgramData\cocos\editors\Creator\3.8.7\resources\resources\3d\engine\bin\.cache\dev\editor\bundled\index.js:44054:29)
9-19-2025 22:10:14 - error: [Scene] Script "1e9f7L/PCtMw4JPgUS+q1hG" attached to "head" is missing or invalid. Detailed information:
Node path: "Canvas/snake/head"
Script file: "C:\Users\ADMIN\snakegame\assets\SnakeController.ts"
Script deleted time: "9/19/2025, 10:08:48 PM"
Script UUID: "1e9f72ff-3c2b-4cc3-824f-8144beab5846"
Class ID: "1e9f7L/PCtMw4JPgUS+q1hG"
Error: [Scene] Script "1e9f7L/PCtMw4JPgUS+q1hG" attached to "head" is missing or invalid. Detailed information:
Node path: "Canvas/snake/head"
Script file: "C:\Users\ADMIN\snakegame\assets\SnakeController.ts"
Script deleted time: "9/19/2025, 10:08:48 PM"
Script UUID: "1e9f72ff-3c2b-4cc3-824f-8144beab5846"
Class ID: "1e9f7L/PCtMw4JPgUS+q1hG"

    at console.error (C:\ProgramData\cocos\editors\Creator\3.8.7\resources\app.asar\node_modules\@sentry\core\src\utils-hoist\instrument\console.ts:40:14)
    at report (C:\ProgramData\cocos\editors\Creator\3.8.7\resources\app.asar\builtin\engine\dist\editor-extends\missing-reporter\missing-class-reporter.ccc:7:25)
    at reportByWalker (C:\ProgramData\cocos\editors\Creator\3.8.7\resources\app.asar\builtin\engine\dist\editor-extends\missing-reporter\missing-class-reporter.ccc:7:127)
9-19-2025 22:12:53 - warn: [Scene] Missing class: 1e9f7L/PCtMw4JPgUS+q1hGError: [Scene] Missing class: 1e9f7L/PCtMw4JPgUS+q1hG
    at console.warn (C:\ProgramData\cocos\editors\Creator\3.8.7\resources\app.asar\node_modules\@sentry\core\src\utils-hoist\instrument\console.ts:40:14)
    at Object.classFinder (C:\ProgramData\cocos\editors\Creator\3.8.7\resources\app.asar\builtin\engine\dist\editor-extends\missing-reporter\missing-class-reporter.ccc:7:982)
    at _Deserializer.classFinder [as _classFinder] (C:\ProgramData\cocos\editors\Creator\3.8.7\resources\resources\3d\engine\bin\.cache\dev\editor\bundled\index.js:131121:34)
    at _Deserializer._deserializeTypeTaggedObject (C:\ProgramData\cocos\editors\Creator\3.8.7\resources\resources\3d\engine\bin\.cache\dev\editor\bundled\index.js:44100:30)
    at _Deserializer._deserializeObject (C:\ProgramData\cocos\editors\Creator\3.8.7\resources\resources\3d\engine\bin\.cache\dev\editor\bundled\index.js:44054:29)
    at _Deserializer._deserializeAndAssignField (C:\ProgramData\cocos\editors\Creator\3.8.7\resources\resources\3d\engine\bin\.cache\dev\editor\bundled\index.js:44221:38)
    at _Deserializer._deserializeArray (C:\ProgramData\cocos\editors\Creator\3.8.7\resources\resources\3d\engine\bin\.cache\dev\editor\bundled\index.js:44082:40)
    at _Deserializer._deserializeObject (C:\ProgramData\cocos\editors\Creator\3.8.7\resources\resources\3d\engine\bin\.cache\dev\editor\bundled\index.js:44060:29)
    at _Deserializer._deserializeAndAssignField (C:\ProgramData\cocos\editors\Creator\3.8.7\resources\resources\3d\engine\bin\.cache\dev\editor\bundled\index.js:44233:36)
    at eval (C:\ProgramData\cocos\editors\Creator\3.8.7\resources\resources\3d\engine\bin\.cache\dev\editor\bundled\index.js:43822:15)
    at _Deserializer._deserializeFireClass (C:\ProgramData\cocos\editors\Creator\3.8.7\resources\resources\3d\engine\bin\.cache\dev\editor\bundled\index.js:44204:11)
    at _Deserializer._deserializeInto (C:\ProgramData\cocos\editors\Creator\3.8.7\resources\resources\3d\engine\bin\.cache\dev\editor\bundled\index.js:44146:18)
    at _Deserializer._deserializeTypeTaggedObject (C:\ProgramData\cocos\editors\Creator\3.8.7\resources\resources\3d\engine\bin\.cache\dev\editor\bundled\index.js:44118:18)
    at _Deserializer._deserializeObject (C:\ProgramData\cocos\editors\Creator\3.8.7\resources\resources\3d\engine\bin\.cache\dev\editor\bundled\index.js:44054:29)
    at _Deserializer._deserializeAndAssignField (C:\ProgramData\cocos\editors\Creator\3.8.7\resources\resources\3d\engine\bin\.cache\dev\editor\bundled\index.js:44221:38)
    at _Deserializer._deserializeArray (C:\ProgramData\cocos\editors\Creator\3.8.7\resources\resources\3d\engine\bin\.cache\dev\editor\bundled\index.js:44082:40)
    at _Deserializer._deserializeObject (C:\ProgramData\cocos\editors\Creator\3.8.7\resources\resources\3d\engine\bin\.cache\dev\editor\bundled\index.js:44060:29)
    at _Deserializer._deserializeAndAssignField (C:\ProgramData\cocos\editors\Creator\3.8.7\resources\resources\3d\engine\bin\.cache\dev\editor\bundled\index.js:44233:36)
    at eval (C:\ProgramData\cocos\editors\Creator\3.8.7\resources\resources\3d\engine\bin\.cache\dev\editor\bundled\index.js:43822:15)
    at _Deserializer._deserializeFireClass (C:\ProgramData\cocos\editors\Creator\3.8.7\resources\resources\3d\engine\bin\.cache\dev\editor\bundled\index.js:44204:11)
    at _Deserializer._deserializeInto (C:\ProgramData\cocos\editors\Creator\3.8.7\resources\resources\3d\engine\bin\.cache\dev\editor\bundled\index.js:44146:18)
    at _Deserializer._deserializeTypeTaggedObject (C:\ProgramData\cocos\editors\Creator\3.8.7\resources\resources\3d\engine\bin\.cache\dev\editor\bundled\index.js:44118:18)
    at _Deserializer._deserializeObject (C:\ProgramData\cocos\editors\Creator\3.8.7\resources\resources\3d\engine\bin\.cache\dev\editor\bundled\index.js:44054:29)
    at _Deserializer._deserializeAndAssignField (C:\ProgramData\cocos\editors\Creator\3.8.7\resources\resources\3d\engine\bin\.cache\dev\editor\bundled\index.js:44221:38)
    at _Deserializer._deserializeArray (C:\ProgramData\cocos\editors\Creator\3.8.7\resources\resources\3d\engine\bin\.cache\dev\editor\bundled\index.js:44082:40)
    at _Deserializer._deserializeObject (C:\ProgramData\cocos\editors\Creator\3.8.7\resources\resources\3d\engine\bin\.cache\dev\editor\bundled\index.js:44060:29)
    at _Deserializer._deserializeAndAssignField (C:\ProgramData\cocos\editors\Creator\3.8.7\resources\resources\3d\engine\bin\.cache\dev\editor\bundled\index.js:44233:36)
    at eval (C:\ProgramData\cocos\editors\Creator\3.8.7\resources\resources\3d\engine\bin\.cache\dev\editor\bundled\index.js:43822:15)
    at _Deserializer._deserializeFireClass (C:\ProgramData\cocos\editors\Creator\3.8.7\resources\resources\3d\engine\bin\.cache\dev\editor\bundled\index.js:44204:11)
    at _Deserializer._deserializeInto (C:\ProgramData\cocos\editors\Creator\3.8.7\resources\resources\3d\engine\bin\.cache\dev\editor\bundled\index.js:44146:18)
    at _Deserializer._deserializeTypeTaggedObject (C:\ProgramData\cocos\editors\Creator\3.8.7\resources\resources\3d\engine\bin\.cache\dev\editor\bundled\index.js:44118:18)
    at _Deserializer._deserializeObject (C:\ProgramData\cocos\editors\Creator\3.8.7\resources\resources\3d\engine\bin\.cache\dev\editor\bundled\index.js:44054:29)
    at _Deserializer._deserializeAndAssignField (C:\ProgramData\cocos\editors\Creator\3.8.7\resources\resources\3d\engine\bin\.cache\dev\editor\bundled\index.js:44221:38)
    at _Deserializer._deserializeArray (C:\ProgramData\cocos\editors\Creator\3.8.7\resources\resources\3d\engine\bin\.cache\dev\editor\bundled\index.js:44082:40)
    at _Deserializer._deserializeObject (C:\ProgramData\cocos\editors\Creator\3.8.7\resources\resources\3d\engine\bin\.cache\dev\editor\bundled\index.js:44060:29)
    at _Deserializer._deserializeAndAssignField (C:\ProgramData\cocos\editors\Creator\3.8.7\resources\resources\3d\engine\bin\.cache\dev\editor\bundled\index.js:44233:36)
    at eval (C:\ProgramData\cocos\editors\Creator\3.8.7\resources\resources\3d\engine\bin\.cache\dev\editor\bundled\index.js:43822:15)
    at _Deserializer._deserializeFireClass (C:\ProgramData\cocos\editors\Creator\3.8.7\resources\resources\3d\engine\bin\.cache\dev\editor\bundled\index.js:44204:11)
    at _Deserializer._deserializeInto (C:\ProgramData\cocos\editors\Creator\3.8.7\resources\resources\3d\engine\bin\.cache\dev\editor\bundled\index.js:44146:18)
    at _Deserializer._deserializeTypeTaggedObject (C:\ProgramData\cocos\editors\Creator\3.8.7\resources\resources\3d\engine\bin\.cache\dev\editor\bundled\index.js:44118:18)
    at _Deserializer._deserializeObject (C:\ProgramData\cocos\editors\Creator\3.8.7\resources\resources\3d\engine\bin\.cache\dev\editor\bundled\index.js:44054:29)
    at _Deserializer._deserializeAndAssignField (C:\ProgramData\cocos\editors\Creator\3.8.7\resources\resources\3d\engine\bin\.cache\dev\editor\bundled\index.js:44221:38)
    at eval (C:\ProgramData\cocos\editors\Creator\3.8.7\resources\resources\3d\engine\bin\.cache\dev\editor\bundled\index.js:43822:15)
    at _Deserializer._deserializeFireClass (C:\ProgramData\cocos\editors\Creator\3.8.7\resources\resources\3d\engine\bin\.cache\dev\editor\bundled\index.js:44204:11)
    at _Deserializer._deserializeInto (C:\ProgramData\cocos\editors\Creator\3.8.7\resources\resources\3d\engine\bin\.cache\dev\editor\bundled\index.js:44146:18)
    at _Deserializer._deserializeTypeTaggedObject (C:\ProgramData\cocos\editors\Creator\3.8.7\resources\resources\3d\engine\bin\.cache\dev\editor\bundled\index.js:44118:18)
    at _Deserializer._deserializeObject (C:\ProgramData\cocos\editors\Creator\3.8.7\resources\resources\3d\engine\bin\.cache\dev\editor\bundled\index.js:44054:29)
9-19-2025 22:12:53 - error: [Scene] Script "1e9f7L/PCtMw4JPgUS+q1hG" attached to "head" is missing or invalid. Detailed information:
Node path: "Canvas/snake/head"
Script file: "C:\Users\ADMIN\snakegame\assets\SnakeController.ts"
Script deleted time: "9/19/2025, 10:08:48 PM"
Script UUID: "1e9f72ff-3c2b-4cc3-824f-8144beab5846"
Class ID: "1e9f7L/PCtMw4JPgUS+q1hG"
Error: [Scene] Script "1e9f7L/PCtMw4JPgUS+q1hG" attached to "head" is missing or invalid. Detailed information:
Node path: "Canvas/snake/head"
Script file: "C:\Users\ADMIN\snakegame\assets\SnakeController.ts"
Script deleted time: "9/19/2025, 10:08:48 PM"
Script UUID: "1e9f72ff-3c2b-4cc3-824f-8144beab5846"
Class ID: "1e9f7L/PCtMw4JPgUS+q1hG"

    at console.error (C:\ProgramData\cocos\editors\Creator\3.8.7\resources\app.asar\node_modules\@sentry\core\src\utils-hoist\instrument\console.ts:40:14)
    at report (C:\ProgramData\cocos\editors\Creator\3.8.7\resources\app.asar\builtin\engine\dist\editor-extends\missing-reporter\missing-class-reporter.ccc:7:25)
    at reportByWalker (C:\ProgramData\cocos\editors\Creator\3.8.7\resources\app.asar\builtin\engine\dist\editor-extends\missing-reporter\missing-class-reporter.ccc:7:127)
9-19-2025 22:16:33 - warn: [Scene] Missing class: 1e9f7L/PCtMw4JPgUS+q1hGError: [Scene] Missing class: 1e9f7L/PCtMw4JPgUS+q1hG
    at console.warn (C:\ProgramData\cocos\editors\Creator\3.8.7\resources\app.asar\node_modules\@sentry\core\src\utils-hoist\instrument\console.ts:40:14)
    at Object.classFinder (C:\ProgramData\cocos\editors\Creator\3.8.7\resources\app.asar\builtin\engine\dist\editor-extends\missing-reporter\missing-class-reporter.ccc:7:982)
    at _Deserializer.classFinder [as _classFinder] (C:\ProgramData\cocos\editors\Creator\3.8.7\resources\resources\3d\engine\bin\.cache\dev\editor\bundled\index.js:131121:34)
    at _Deserializer._deserializeTypeTaggedObject (C:\ProgramData\cocos\editors\Creator\3.8.7\resources\resources\3d\engine\bin\.cache\dev\editor\bundled\index.js:44100:30)
    at _Deserializer._deserializeObject (C:\ProgramData\cocos\editors\Creator\3.8.7\resources\resources\3d\engine\bin\.cache\dev\editor\bundled\index.js:44054:29)
    at _Deserializer._deserializeAndAssignField (C:\ProgramData\cocos\editors\Creator\3.8.7\resources\resources\3d\engine\bin\.cache\dev\editor\bundled\index.js:44221:38)
    at _Deserializer._deserializeArray (C:\ProgramData\cocos\editors\Creator\3.8.7\resources\resources\3d\engine\bin\.cache\dev\editor\bundled\index.js:44082:40)
    at _Deserializer._deserializeObject (C:\ProgramData\cocos\editors\Creator\3.8.7\resources\resources\3d\engine\bin\.cache\dev\editor\bundled\index.js:44060:29)
    at _Deserializer._deserializeAndAssignField (C:\ProgramData\cocos\editors\Creator\3.8.7\resources\resources\3d\engine\bin\.cache\dev\editor\bundled\index.js:44233:36)
    at eval (C:\ProgramData\cocos\editors\Creator\3.8.7\resources\resources\3d\engine\bin\.cache\dev\editor\bundled\index.js:43822:15)
    at _Deserializer._deserializeFireClass (C:\ProgramData\cocos\editors\Creator\3.8.7\resources\resources\3d\engine\bin\.cache\dev\editor\bundled\index.js:44204:11)
    at _Deserializer._deserializeInto (C:\ProgramData\cocos\editors\Creator\3.8.7\resources\resources\3d\engine\bin\.cache\dev\editor\bundled\index.js:44146:18)
    at _Deserializer._deserializeTypeTaggedObject (C:\ProgramData\cocos\editors\Creator\3.8.7\resources\resources\3d\engine\bin\.cache\dev\editor\bundled\index.js:44118:18)
    at _Deserializer._deserializeObject (C:\ProgramData\cocos\editors\Creator\3.8.7\resources\resources\3d\engine\bin\.cache\dev\editor\bundled\index.js:44054:29)
    at _Deserializer._deserializeAndAssignField (C:\ProgramData\cocos\editors\Creator\3.8.7\resources\resources\3d\engine\bin\.cache\dev\editor\bundled\index.js:44221:38)
    at _Deserializer._deserializeArray (C:\ProgramData\cocos\editors\Creator\3.8.7\resources\resources\3d\engine\bin\.cache\dev\editor\bundled\index.js:44082:40)
    at _Deserializer._deserializeObject (C:\ProgramData\cocos\editors\Creator\3.8.7\resources\resources\3d\engine\bin\.cache\dev\editor\bundled\index.js:44060:29)
    at _Deserializer._deserializeAndAssignField (C:\ProgramData\cocos\editors\Creator\3.8.7\resources\resources\3d\engine\bin\.cache\dev\editor\bundled\index.js:44233:36)
    at eval (C:\ProgramData\cocos\editors\Creator\3.8.7\resources\resources\3d\engine\bin\.cache\dev\editor\bundled\index.js:43822:15)
    at _Deserializer._deserializeFireClass (C:\ProgramData\cocos\editors\Creator\3.8.7\resources\resources\3d\engine\bin\.cache\dev\editor\bundled\index.js:44204:11)
    at _Deserializer._deserializeInto (C:\ProgramData\cocos\editors\Creator\3.8.7\resources\resources\3d\engine\bin\.cache\dev\editor\bundled\index.js:44146:18)
    at _Deserializer._deserializeTypeTaggedObject (C:\ProgramData\cocos\editors\Creator\3.8.7\resources\resources\3d\engine\bin\.cache\dev\editor\bundled\index.js:44118:18)
    at _Deserializer._deserializeObject (C:\ProgramData\cocos\editors\Creator\3.8.7\resources\resources\3d\engine\bin\.cache\dev\editor\bundled\index.js:44054:29)
    at _Deserializer._deserializeAndAssignField (C:\ProgramData\cocos\editors\Creator\3.8.7\resources\resources\3d\engine\bin\.cache\dev\editor\bundled\index.js:44221:38)
    at _Deserializer._deserializeArray (C:\ProgramData\cocos\editors\Creator\3.8.7\resources\resources\3d\engine\bin\.cache\dev\editor\bundled\index.js:44082:40)
    at _Deserializer._deserializeObject (C:\ProgramData\cocos\editors\Creator\3.8.7\resources\resources\3d\engine\bin\.cache\dev\editor\bundled\index.js:44060:29)
    at _Deserializer._deserializeAndAssignField (C:\ProgramData\cocos\editors\Creator\3.8.7\resources\resources\3d\engine\bin\.cache\dev\editor\bundled\index.js:44233:36)
    at eval (C:\ProgramData\cocos\editors\Creator\3.8.7\resources\resources\3d\engine\bin\.cache\dev\editor\bundled\index.js:43822:15)
    at _Deserializer._deserializeFireClass (C:\ProgramData\cocos\editors\Creator\3.8.7\resources\resources\3d\engine\bin\.cache\dev\editor\bundled\index.js:44204:11)
    at _Deserializer._deserializeInto (C:\ProgramData\cocos\editors\Creator\3.8.7\resources\resources\3d\engine\bin\.cache\dev\editor\bundled\index.js:44146:18)
    at _Deserializer._deserializeTypeTaggedObject (C:\ProgramData\cocos\editors\Creator\3.8.7\resources\resources\3d\engine\bin\.cache\dev\editor\bundled\index.js:44118:18)
    at _Deserializer._deserializeObject (C:\ProgramData\cocos\editors\Creator\3.8.7\resources\resources\3d\engine\bin\.cache\dev\editor\bundled\index.js:44054:29)
    at _Deserializer._deserializeAndAssignField (C:\ProgramData\cocos\editors\Creator\3.8.7\resources\resources\3d\engine\bin\.cache\dev\editor\bundled\index.js:44221:38)
    at _Deserializer._deserializeArray (C:\ProgramData\cocos\editors\Creator\3.8.7\resources\resources\3d\engine\bin\.cache\dev\editor\bundled\index.js:44082:40)
    at _Deserializer._deserializeObject (C:\ProgramData\cocos\editors\Creator\3.8.7\resources\resources\3d\engine\bin\.cache\dev\editor\bundled\index.js:44060:29)
    at _Deserializer._deserializeAndAssignField (C:\ProgramData\cocos\editors\Creator\3.8.7\resources\resources\3d\engine\bin\.cache\dev\editor\bundled\index.js:44233:36)
    at eval (C:\ProgramData\cocos\editors\Creator\3.8.7\resources\resources\3d\engine\bin\.cache\dev\editor\bundled\index.js:43822:15)
    at _Deserializer._deserializeFireClass (C:\ProgramData\cocos\editors\Creator\3.8.7\resources\resources\3d\engine\bin\.cache\dev\editor\bundled\index.js:44204:11)
    at _Deserializer._deserializeInto (C:\ProgramData\cocos\editors\Creator\3.8.7\resources\resources\3d\engine\bin\.cache\dev\editor\bundled\index.js:44146:18)
    at _Deserializer._deserializeTypeTaggedObject (C:\ProgramData\cocos\editors\Creator\3.8.7\resources\resources\3d\engine\bin\.cache\dev\editor\bundled\index.js:44118:18)
    at _Deserializer._deserializeObject (C:\ProgramData\cocos\editors\Creator\3.8.7\resources\resources\3d\engine\bin\.cache\dev\editor\bundled\index.js:44054:29)
    at _Deserializer._deserializeAndAssignField (C:\ProgramData\cocos\editors\Creator\3.8.7\resources\resources\3d\engine\bin\.cache\dev\editor\bundled\index.js:44221:38)
    at eval (C:\ProgramData\cocos\editors\Creator\3.8.7\resources\resources\3d\engine\bin\.cache\dev\editor\bundled\index.js:43822:15)
    at _Deserializer._deserializeFireClass (C:\ProgramData\cocos\editors\Creator\3.8.7\resources\resources\3d\engine\bin\.cache\dev\editor\bundled\index.js:44204:11)
    at _Deserializer._deserializeInto (C:\ProgramData\cocos\editors\Creator\3.8.7\resources\resources\3d\engine\bin\.cache\dev\editor\bundled\index.js:44146:18)
    at _Deserializer._deserializeTypeTaggedObject (C:\ProgramData\cocos\editors\Creator\3.8.7\resources\resources\3d\engine\bin\.cache\dev\editor\bundled\index.js:44118:18)
    at _Deserializer._deserializeObject (C:\ProgramData\cocos\editors\Creator\3.8.7\resources\resources\3d\engine\bin\.cache\dev\editor\bundled\index.js:44054:29)
9-19-2025 22:16:33 - error: [Scene] Script "1e9f7L/PCtMw4JPgUS+q1hG" attached to "head" is missing or invalid. Detailed information:
Node path: "Canvas/snake/head"
Script file: "C:\Users\ADMIN\snakegame\assets\SnakeController.ts"
Script deleted time: "9/19/2025, 10:08:48 PM"
Script UUID: "1e9f72ff-3c2b-4cc3-824f-8144beab5846"
Class ID: "1e9f7L/PCtMw4JPgUS+q1hG"
Error: [Scene] Script "1e9f7L/PCtMw4JPgUS+q1hG" attached to "head" is missing or invalid. Detailed information:
Node path: "Canvas/snake/head"
Script file: "C:\Users\ADMIN\snakegame\assets\SnakeController.ts"
Script deleted time: "9/19/2025, 10:08:48 PM"
Script UUID: "1e9f72ff-3c2b-4cc3-824f-8144beab5846"
Class ID: "1e9f7L/PCtMw4JPgUS+q1hG"

    at console.error (C:\ProgramData\cocos\editors\Creator\3.8.7\resources\app.asar\node_modules\@sentry\core\src\utils-hoist\instrument\console.ts:40:14)
    at report (C:\ProgramData\cocos\editors\Creator\3.8.7\resources\app.asar\builtin\engine\dist\editor-extends\missing-reporter\missing-class-reporter.ccc:7:25)
    at reportByWalker (C:\ProgramData\cocos\editors\Creator\3.8.7\resources\app.asar\builtin\engine\dist\editor-extends\missing-reporter\missing-class-reporter.ccc:7:127)
9-19-2025 22:17:44 - warn: [Scene] Can not find environment map, disable IBL lightingError: [Scene] Can not find environment map, disable IBL lighting
    at console.warn (C:\ProgramData\cocos\editors\Creator\3.8.7\resources\app.asar\node_modules\@sentry\core\src\utils-hoist\instrument\console.ts:40:14)
    at warn (C:\ProgramData\cocos\editors\Creator\3.8.7\resources\resources\3d\engine\bin\.cache\dev\editor\bundled\index.js:165229:12)
    at warnID (C:\ProgramData\cocos\editors\Creator\3.8.7\resources\resources\3d\engine\bin\.cache\dev\editor\bundled\index.js:165417:5)
    at SkyboxInfo.set envmap (C:\ProgramData\cocos\editors\Creator\3.8.7\resources\resources\3d\engine\bin\.cache\dev\editor\bundled\index.js:54598:13)
    at SkyboxInfo.<anonymous> (C:\ProgramData\cocos\editors\Creator\3.8.7\resources\app.asar\builtin\scene\dist\script\3d\manager\asset\asset-watcher.ccc:1:1091)
    at AssetDump.decode (C:\ProgramData\cocos\editors\Creator\3.8.7\resources\app.asar\builtin\scene\dist\script\export\dump\types\asset-dump.ccc:1:946)
    at _decodeByType (C:\ProgramData\cocos\editors\Creator\3.8.7\resources\app.asar\builtin\scene\dist\script\export\dump\decode.ccc:1:4674)
    at decodePatch (C:\ProgramData\cocos\editors\Creator\3.8.7\resources\app.asar\builtin\scene\dist\script\export\dump\decode.ccc:1:6370)
    at decodePatch (C:\ProgramData\cocos\editors\Creator\3.8.7\resources\app.asar\builtin\scene\dist\script\export\dump\decode.ccc:1:7009)
    at decodeScene (C:\ProgramData\cocos\editors\Creator\3.8.7\resources\app.asar\builtin\scene\dist\script\export\dump\decode.ccc:1:3792)
    at SceneUndoCommand.applyData (C:\ProgramData\cocos\editors\Creator\3.8.7\resources\app.asar\builtin\scene\dist\script\export\undo\scene.ccc:1:653)
    at SceneUndoCommand.undo (C:\ProgramData\cocos\editors\Creator\3.8.7\resources\app.asar\builtin\scene\dist\script\export\undo\scene.ccc:1:547)
    at SceneUndoCommand.perform (C:\ProgramData\cocos\editors\Creator\3.8.7\resources\app.asar\builtin\scene\dist\script\export\undo\base.ccc:1:190)
    at SceneUndoManager.undo (C:\ProgramData\cocos\editors\Creator\3.8.7\resources\app.asar\builtin\scene\dist\script\export\undo\base.ccc:1:694)
    at SceneUndoManager.undo (C:\ProgramData\cocos\editors\Creator\3.8.7\resources\app.asar\builtin\scene\dist\script\export\undo\scene.ccc:1:3619)
    at GeneralSceneFacade.undo (C:\ProgramData\cocos\editors\Creator\3.8.7\resources\app.asar\builtin\scene\dist\script\3d\facade\general-scene-facade.ccc:1:13885)
    at SceneFacadeManager.undo (C:\ProgramData\cocos\editors\Creator\3.8.7\resources\app.asar\builtin\scene\dist\script\3d\facade\scene-facade-manager.ccc:1:16356)
9-19-2025 22:17:44 - warn: [Scene] Can not find environment map, disable IBL lightingError: [Scene] Can not find environment map, disable IBL lighting
    at console.warn (C:\ProgramData\cocos\editors\Creator\3.8.7\resources\app.asar\node_modules\@sentry\core\src\utils-hoist\instrument\console.ts:40:14)
    at warn (C:\ProgramData\cocos\editors\Creator\3.8.7\resources\resources\3d\engine\bin\.cache\dev\editor\bundled\index.js:165229:12)
    at warnID (C:\ProgramData\cocos\editors\Creator\3.8.7\resources\resources\3d\engine\bin\.cache\dev\editor\bundled\index.js:165417:5)
    at SkyboxInfo.set envmap (C:\ProgramData\cocos\editors\Creator\3.8.7\resources\resources\3d\engine\bin\.cache\dev\editor\bundled\index.js:54598:13)
    at SkyboxInfo.<anonymous> (C:\ProgramData\cocos\editors\Creator\3.8.7\resources\app.asar\builtin\scene\dist\script\3d\manager\asset\asset-watcher.ccc:1:1091)
    at AssetDump.decode (C:\ProgramData\cocos\editors\Creator\3.8.7\resources\app.asar\builtin\scene\dist\script\export\dump\types\asset-dump.ccc:1:946)
    at _decodeByType (C:\ProgramData\cocos\editors\Creator\3.8.7\resources\app.asar\builtin\scene\dist\script\export\dump\decode.ccc:1:4674)
    at decodePatch (C:\ProgramData\cocos\editors\Creator\3.8.7\resources\app.asar\builtin\scene\dist\script\export\dump\decode.ccc:1:6370)
    at decodePatch (C:\ProgramData\cocos\editors\Creator\3.8.7\resources\app.asar\builtin\scene\dist\script\export\dump\decode.ccc:1:7009)
    at decodeScene (C:\ProgramData\cocos\editors\Creator\3.8.7\resources\app.asar\builtin\scene\dist\script\export\dump\decode.ccc:1:3792)
    at SceneUndoCommand.applyData (C:\ProgramData\cocos\editors\Creator\3.8.7\resources\app.asar\builtin\scene\dist\script\export\undo\scene.ccc:1:653)
    at SceneUndoCommand.undo (C:\ProgramData\cocos\editors\Creator\3.8.7\resources\app.asar\builtin\scene\dist\script\export\undo\scene.ccc:1:547)
    at SceneUndoCommand.perform (C:\ProgramData\cocos\editors\Creator\3.8.7\resources\app.asar\builtin\scene\dist\script\export\undo\base.ccc:1:190)
    at SceneUndoManager.undo (C:\ProgramData\cocos\editors\Creator\3.8.7\resources\app.asar\builtin\scene\dist\script\export\undo\base.ccc:1:694)
    at SceneUndoManager.undo (C:\ProgramData\cocos\editors\Creator\3.8.7\resources\app.asar\builtin\scene\dist\script\export\undo\scene.ccc:1:3619)
    at GeneralSceneFacade.undo (C:\ProgramData\cocos\editors\Creator\3.8.7\resources\app.asar\builtin\scene\dist\script\3d\facade\general-scene-facade.ccc:1:13885)
    at SceneFacadeManager.undo (C:\ProgramData\cocos\editors\Creator\3.8.7\resources\app.asar\builtin\scene\dist\script\3d\facade\scene-facade-manager.ccc:1:16356)
9-19-2025 22:22:53 - warn: [Scene] Reset Component failed: 1e9f7L/PCtMw4JPgUS+q1hG does not existError: [Scene] Reset Component failed: 1e9f7L/PCtMw4JPgUS+q1hG does not exist
    at console.warn (C:\ProgramData\cocos\editors\Creator\3.8.7\resources\app.asar\node_modules\@sentry\core\src\utils-hoist\instrument\console.ts:40:14)
    at CompManager.resetComponent (C:\ProgramData\cocos\editors\Creator\3.8.7\resources\app.asar\builtin\scene\dist\script\3d\manager\component\index.ccc:1:1645)
    at NodeManager.resetComponent (C:\ProgramData\cocos\editors\Creator\3.8.7\resources\app.asar\builtin\scene\dist\script\3d\manager\node\index.ccc:1:13303)
    at GeneralSceneFacade.resetComponent (C:\ProgramData\cocos\editors\Creator\3.8.7\resources\app.asar\builtin\scene\dist\script\3d\facade\general-scene-facade.ccc:1:11897)
    at SceneFacadeManager.resetComponent (C:\ProgramData\cocos\editors\Creator\3.8.7\resources\app.asar\builtin\scene\dist\script\3d\facade\scene-facade-manager.ccc:1:15044)
    at step (C:\ProgramData\cocos\editors\Creator\3.8.7\resources\app.asar\builtin\scene\dist\script\3d\manager\ipc\web\ipc.ccc:1:733)
    at C:\ProgramData\cocos\editors\Creator\3.8.7\resources\app.asar\builtin\scene\dist\script\3d\manager\ipc\web\ipc.ccc:2:377
    at new Promise (<anonymous>)
    at C:\ProgramData\cocos\editors\Creator\3.8.7\resources\app.asar\builtin\scene\dist\script\3d\manager\ipc\web\ipc.ccc:2:314
    at IpcRenderer.<anonymous> (C:\ProgramData\cocos\editors\Creator\3.8.7\resources\app.asar\builtin\scene\dist\script\3d\manager\ipc\web\webview.ccc:1:973)
    at IpcRenderer.emit (node:events:519:28)
    at Object.onMessage (node:electron/js2c/renderer_init:2:8837)
9-19-2025 22:22:58 - warn: [Scene] Reset Component failed: 1e9f7L/PCtMw4JPgUS+q1hG does not existError: [Scene] Reset Component failed: 1e9f7L/PCtMw4JPgUS+q1hG does not exist
    at console.warn (C:\ProgramData\cocos\editors\Creator\3.8.7\resources\app.asar\node_modules\@sentry\core\src\utils-hoist\instrument\console.ts:40:14)
    at CompManager.resetComponent (C:\ProgramData\cocos\editors\Creator\3.8.7\resources\app.asar\builtin\scene\dist\script\3d\manager\component\index.ccc:1:1645)
    at NodeManager.resetComponent (C:\ProgramData\cocos\editors\Creator\3.8.7\resources\app.asar\builtin\scene\dist\script\3d\manager\node\index.ccc:1:13303)
    at GeneralSceneFacade.resetComponent (C:\ProgramData\cocos\editors\Creator\3.8.7\resources\app.asar\builtin\scene\dist\script\3d\facade\general-scene-facade.ccc:1:11897)
    at SceneFacadeManager.resetComponent (C:\ProgramData\cocos\editors\Creator\3.8.7\resources\app.asar\builtin\scene\dist\script\3d\facade\scene-facade-manager.ccc:1:15044)
    at step (C:\ProgramData\cocos\editors\Creator\3.8.7\resources\app.asar\builtin\scene\dist\script\3d\manager\ipc\web\ipc.ccc:1:733)
    at C:\ProgramData\cocos\editors\Creator\3.8.7\resources\app.asar\builtin\scene\dist\script\3d\manager\ipc\web\ipc.ccc:2:377
    at new Promise (<anonymous>)
    at C:\ProgramData\cocos\editors\Creator\3.8.7\resources\app.asar\builtin\scene\dist\script\3d\manager\ipc\web\ipc.ccc:2:314
    at IpcRenderer.<anonymous> (C:\ProgramData\cocos\editors\Creator\3.8.7\resources\app.asar\builtin\scene\dist\script\3d\manager\ipc\web\webview.ccc:1:973)
    at IpcRenderer.emit (node:events:519:28)
    at Object.onMessage (node:electron/js2c/renderer_init:2:8837)
9-19-2025 22:26:55 - warn: [Scene] Missing class: 1e9f7L/PCtMw4JPgUS+q1hGError: [Scene] Missing class: 1e9f7L/PCtMw4JPgUS+q1hG
    at console.warn (C:\ProgramData\cocos\editors\Creator\3.8.7\resources\app.asar\node_modules\@sentry\core\src\utils-hoist\instrument\console.ts:40:14)
    at Object.classFinder (C:\ProgramData\cocos\editors\Creator\3.8.7\resources\app.asar\builtin\engine\dist\editor-extends\missing-reporter\missing-class-reporter.ccc:7:982)
    at _Deserializer.classFinder [as _classFinder] (C:\ProgramData\cocos\editors\Creator\3.8.7\resources\resources\3d\engine\bin\.cache\dev\editor\bundled\index.js:131121:34)
    at _Deserializer._deserializeTypeTaggedObject (C:\ProgramData\cocos\editors\Creator\3.8.7\resources\resources\3d\engine\bin\.cache\dev\editor\bundled\index.js:44100:30)
    at _Deserializer._deserializeObject (C:\ProgramData\cocos\editors\Creator\3.8.7\resources\resources\3d\engine\bin\.cache\dev\editor\bundled\index.js:44054:29)
    at _Deserializer._deserializeAndAssignField (C:\ProgramData\cocos\editors\Creator\3.8.7\resources\resources\3d\engine\bin\.cache\dev\editor\bundled\index.js:44221:38)
    at _Deserializer._deserializeArray (C:\ProgramData\cocos\editors\Creator\3.8.7\resources\resources\3d\engine\bin\.cache\dev\editor\bundled\index.js:44082:40)
    at _Deserializer._deserializeObject (C:\ProgramData\cocos\editors\Creator\3.8.7\resources\resources\3d\engine\bin\.cache\dev\editor\bundled\index.js:44060:29)
    at _Deserializer._deserializeAndAssignField (C:\ProgramData\cocos\editors\Creator\3.8.7\resources\resources\3d\engine\bin\.cache\dev\editor\bundled\index.js:44233:36)
    at eval (C:\ProgramData\cocos\editors\Creator\3.8.7\resources\resources\3d\engine\bin\.cache\dev\editor\bundled\index.js:43822:15)
    at _Deserializer._deserializeFireClass (C:\ProgramData\cocos\editors\Creator\3.8.7\resources\resources\3d\engine\bin\.cache\dev\editor\bundled\index.js:44204:11)
    at _Deserializer._deserializeInto (C:\ProgramData\cocos\editors\Creator\3.8.7\resources\resources\3d\engine\bin\.cache\dev\editor\bundled\index.js:44146:18)
    at _Deserializer._deserializeTypeTaggedObject (C:\ProgramData\cocos\editors\Creator\3.8.7\resources\resources\3d\engine\bin\.cache\dev\editor\bundled\index.js:44118:18)
    at _Deserializer._deserializeObject (C:\ProgramData\cocos\editors\Creator\3.8.7\resources\resources\3d\engine\bin\.cache\dev\editor\bundled\index.js:44054:29)
    at _Deserializer._deserializeAndAssignField (C:\ProgramData\cocos\editors\Creator\3.8.7\resources\resources\3d\engine\bin\.cache\dev\editor\bundled\index.js:44221:38)
    at _Deserializer._deserializeArray (C:\ProgramData\cocos\editors\Creator\3.8.7\resources\resources\3d\engine\bin\.cache\dev\editor\bundled\index.js:44082:40)
    at _Deserializer._deserializeObject (C:\ProgramData\cocos\editors\Creator\3.8.7\resources\resources\3d\engine\bin\.cache\dev\editor\bundled\index.js:44060:29)
    at _Deserializer._deserializeAndAssignField (C:\ProgramData\cocos\editors\Creator\3.8.7\resources\resources\3d\engine\bin\.cache\dev\editor\bundled\index.js:44233:36)
    at eval (C:\ProgramData\cocos\editors\Creator\3.8.7\resources\resources\3d\engine\bin\.cache\dev\editor\bundled\index.js:43822:15)
    at _Deserializer._deserializeFireClass (C:\ProgramData\cocos\editors\Creator\3.8.7\resources\resources\3d\engine\bin\.cache\dev\editor\bundled\index.js:44204:11)
    at _Deserializer._deserializeInto (C:\ProgramData\cocos\editors\Creator\3.8.7\resources\resources\3d\engine\bin\.cache\dev\editor\bundled\index.js:44146:18)
    at _Deserializer._deserializeTypeTaggedObject (C:\ProgramData\cocos\editors\Creator\3.8.7\resources\resources\3d\engine\bin\.cache\dev\editor\bundled\index.js:44118:18)
    at _Deserializer._deserializeObject (C:\ProgramData\cocos\editors\Creator\3.8.7\resources\resources\3d\engine\bin\.cache\dev\editor\bundled\index.js:44054:29)
    at _Deserializer._deserializeAndAssignField (C:\ProgramData\cocos\editors\Creator\3.8.7\resources\resources\3d\engine\bin\.cache\dev\editor\bundled\index.js:44221:38)
    at _Deserializer._deserializeArray (C:\ProgramData\cocos\editors\Creator\3.8.7\resources\resources\3d\engine\bin\.cache\dev\editor\bundled\index.js:44082:40)
    at _Deserializer._deserializeObject (C:\ProgramData\cocos\editors\Creator\3.8.7\resources\resources\3d\engine\bin\.cache\dev\editor\bundled\index.js:44060:29)
    at _Deserializer._deserializeAndAssignField (C:\ProgramData\cocos\editors\Creator\3.8.7\resources\resources\3d\engine\bin\.cache\dev\editor\bundled\index.js:44233:36)
    at eval (C:\ProgramData\cocos\editors\Creator\3.8.7\resources\resources\3d\engine\bin\.cache\dev\editor\bundled\index.js:43822:15)
    at _Deserializer._deserializeFireClass (C:\ProgramData\cocos\editors\Creator\3.8.7\resources\resources\3d\engine\bin\.cache\dev\editor\bundled\index.js:44204:11)
    at _Deserializer._deserializeInto (C:\ProgramData\cocos\editors\Creator\3.8.7\resources\resources\3d\engine\bin\.cache\dev\editor\bundled\index.js:44146:18)
    at _Deserializer._deserializeTypeTaggedObject (C:\ProgramData\cocos\editors\Creator\3.8.7\resources\resources\3d\engine\bin\.cache\dev\editor\bundled\index.js:44118:18)
    at _Deserializer._deserializeObject (C:\ProgramData\cocos\editors\Creator\3.8.7\resources\resources\3d\engine\bin\.cache\dev\editor\bundled\index.js:44054:29)
    at _Deserializer._deserializeAndAssignField (C:\ProgramData\cocos\editors\Creator\3.8.7\resources\resources\3d\engine\bin\.cache\dev\editor\bundled\index.js:44221:38)
    at _Deserializer._deserializeArray (C:\ProgramData\cocos\editors\Creator\3.8.7\resources\resources\3d\engine\bin\.cache\dev\editor\bundled\index.js:44082:40)
    at _Deserializer._deserializeObject (C:\ProgramData\cocos\editors\Creator\3.8.7\resources\resources\3d\engine\bin\.cache\dev\editor\bundled\index.js:44060:29)
    at _Deserializer._deserializeAndAssignField (C:\ProgramData\cocos\editors\Creator\3.8.7\resources\resources\3d\engine\bin\.cache\dev\editor\bundled\index.js:44233:36)
    at eval (C:\ProgramData\cocos\editors\Creator\3.8.7\resources\resources\3d\engine\bin\.cache\dev\editor\bundled\index.js:43822:15)
    at _Deserializer._deserializeFireClass (C:\ProgramData\cocos\editors\Creator\3.8.7\resources\resources\3d\engine\bin\.cache\dev\editor\bundled\index.js:44204:11)
    at _Deserializer._deserializeInto (C:\ProgramData\cocos\editors\Creator\3.8.7\resources\resources\3d\engine\bin\.cache\dev\editor\bundled\index.js:44146:18)
    at _Deserializer._deserializeTypeTaggedObject (C:\ProgramData\cocos\editors\Creator\3.8.7\resources\resources\3d\engine\bin\.cache\dev\editor\bundled\index.js:44118:18)
    at _Deserializer._deserializeObject (C:\ProgramData\cocos\editors\Creator\3.8.7\resources\resources\3d\engine\bin\.cache\dev\editor\bundled\index.js:44054:29)
    at _Deserializer._deserializeAndAssignField (C:\ProgramData\cocos\editors\Creator\3.8.7\resources\resources\3d\engine\bin\.cache\dev\editor\bundled\index.js:44221:38)
    at eval (C:\ProgramData\cocos\editors\Creator\3.8.7\resources\resources\3d\engine\bin\.cache\dev\editor\bundled\index.js:43822:15)
    at _Deserializer._deserializeFireClass (C:\ProgramData\cocos\editors\Creator\3.8.7\resources\resources\3d\engine\bin\.cache\dev\editor\bundled\index.js:44204:11)
    at _Deserializer._deserializeInto (C:\ProgramData\cocos\editors\Creator\3.8.7\resources\resources\3d\engine\bin\.cache\dev\editor\bundled\index.js:44146:18)
    at _Deserializer._deserializeTypeTaggedObject (C:\ProgramData\cocos\editors\Creator\3.8.7\resources\resources\3d\engine\bin\.cache\dev\editor\bundled\index.js:44118:18)
    at _Deserializer._deserializeObject (C:\ProgramData\cocos\editors\Creator\3.8.7\resources\resources\3d\engine\bin\.cache\dev\editor\bundled\index.js:44054:29)
9-19-2025 22:26:55 - error: [Scene] Script "1e9f7L/PCtMw4JPgUS+q1hG" attached to "head" is missing or invalid. Detailed information:
Node path: "Canvas/snake/head"
Script file: "C:\Users\ADMIN\snakegame\assets\SnakeController.ts"
Script deleted time: "9/19/2025, 10:08:48 PM"
Script UUID: "1e9f72ff-3c2b-4cc3-824f-8144beab5846"
Class ID: "1e9f7L/PCtMw4JPgUS+q1hG"
Error: [Scene] Script "1e9f7L/PCtMw4JPgUS+q1hG" attached to "head" is missing or invalid. Detailed information:
Node path: "Canvas/snake/head"
Script file: "C:\Users\ADMIN\snakegame\assets\SnakeController.ts"
Script deleted time: "9/19/2025, 10:08:48 PM"
Script UUID: "1e9f72ff-3c2b-4cc3-824f-8144beab5846"
Class ID: "1e9f7L/PCtMw4JPgUS+q1hG"

    at console.error (C:\ProgramData\cocos\editors\Creator\3.8.7\resources\app.asar\node_modules\@sentry\core\src\utils-hoist\instrument\console.ts:40:14)
    at report (C:\ProgramData\cocos\editors\Creator\3.8.7\resources\app.asar\builtin\engine\dist\editor-extends\missing-reporter\missing-class-reporter.ccc:7:25)
    at reportByWalker (C:\ProgramData\cocos\editors\Creator\3.8.7\resources\app.asar\builtin\engine\dist\editor-extends\missing-reporter\missing-class-reporter.ccc:7:127)
9-19-2025 22:28:48 - warn: [Scene] Missing class: 1e9f7L/PCtMw4JPgUS+q1hGError: [Scene] Missing class: 1e9f7L/PCtMw4JPgUS+q1hG
    at console.warn (C:\ProgramData\cocos\editors\Creator\3.8.7\resources\app.asar\node_modules\@sentry\core\src\utils-hoist\instrument\console.ts:40:14)
    at Object.classFinder (C:\ProgramData\cocos\editors\Creator\3.8.7\resources\app.asar\builtin\engine\dist\editor-extends\missing-reporter\missing-class-reporter.ccc:7:982)
    at _Deserializer.classFinder [as _classFinder] (C:\ProgramData\cocos\editors\Creator\3.8.7\resources\resources\3d\engine\bin\.cache\dev\editor\bundled\index.js:131121:34)
    at _Deserializer._deserializeTypeTaggedObject (C:\ProgramData\cocos\editors\Creator\3.8.7\resources\resources\3d\engine\bin\.cache\dev\editor\bundled\index.js:44100:30)
    at _Deserializer._deserializeObject (C:\ProgramData\cocos\editors\Creator\3.8.7\resources\resources\3d\engine\bin\.cache\dev\editor\bundled\index.js:44054:29)
    at _Deserializer._deserializeAndAssignField (C:\ProgramData\cocos\editors\Creator\3.8.7\resources\resources\3d\engine\bin\.cache\dev\editor\bundled\index.js:44221:38)
    at _Deserializer._deserializeArray (C:\ProgramData\cocos\editors\Creator\3.8.7\resources\resources\3d\engine\bin\.cache\dev\editor\bundled\index.js:44082:40)
    at _Deserializer._deserializeObject (C:\ProgramData\cocos\editors\Creator\3.8.7\resources\resources\3d\engine\bin\.cache\dev\editor\bundled\index.js:44060:29)
    at _Deserializer._deserializeAndAssignField (C:\ProgramData\cocos\editors\Creator\3.8.7\resources\resources\3d\engine\bin\.cache\dev\editor\bundled\index.js:44233:36)
    at eval (C:\ProgramData\cocos\editors\Creator\3.8.7\resources\resources\3d\engine\bin\.cache\dev\editor\bundled\index.js:43822:15)
    at _Deserializer._deserializeFireClass (C:\ProgramData\cocos\editors\Creator\3.8.7\resources\resources\3d\engine\bin\.cache\dev\editor\bundled\index.js:44204:11)
    at _Deserializer._deserializeInto (C:\ProgramData\cocos\editors\Creator\3.8.7\resources\resources\3d\engine\bin\.cache\dev\editor\bundled\index.js:44146:18)
    at _Deserializer._deserializeTypeTaggedObject (C:\ProgramData\cocos\editors\Creator\3.8.7\resources\resources\3d\engine\bin\.cache\dev\editor\bundled\index.js:44118:18)
    at _Deserializer._deserializeObject (C:\ProgramData\cocos\editors\Creator\3.8.7\resources\resources\3d\engine\bin\.cache\dev\editor\bundled\index.js:44054:29)
    at _Deserializer._deserializeAndAssignField (C:\ProgramData\cocos\editors\Creator\3.8.7\resources\resources\3d\engine\bin\.cache\dev\editor\bundled\index.js:44221:38)
    at _Deserializer._deserializeArray (C:\ProgramData\cocos\editors\Creator\3.8.7\resources\resources\3d\engine\bin\.cache\dev\editor\bundled\index.js:44082:40)
    at _Deserializer._deserializeObject (C:\ProgramData\cocos\editors\Creator\3.8.7\resources\resources\3d\engine\bin\.cache\dev\editor\bundled\index.js:44060:29)
    at _Deserializer._deserializeAndAssignField (C:\ProgramData\cocos\editors\Creator\3.8.7\resources\resources\3d\engine\bin\.cache\dev\editor\bundled\index.js:44233:36)
    at eval (C:\ProgramData\cocos\editors\Creator\3.8.7\resources\resources\3d\engine\bin\.cache\dev\editor\bundled\index.js:43822:15)
    at _Deserializer._deserializeFireClass (C:\ProgramData\cocos\editors\Creator\3.8.7\resources\resources\3d\engine\bin\.cache\dev\editor\bundled\index.js:44204:11)
    at _Deserializer._deserializeInto (C:\ProgramData\cocos\editors\Creator\3.8.7\resources\resources\3d\engine\bin\.cache\dev\editor\bundled\index.js:44146:18)
    at _Deserializer._deserializeTypeTaggedObject (C:\ProgramData\cocos\editors\Creator\3.8.7\resources\resources\3d\engine\bin\.cache\dev\editor\bundled\index.js:44118:18)
    at _Deserializer._deserializeObject (C:\ProgramData\cocos\editors\Creator\3.8.7\resources\resources\3d\engine\bin\.cache\dev\editor\bundled\index.js:44054:29)
    at _Deserializer._deserializeAndAssignField (C:\ProgramData\cocos\editors\Creator\3.8.7\resources\resources\3d\engine\bin\.cache\dev\editor\bundled\index.js:44221:38)
    at _Deserializer._deserializeArray (C:\ProgramData\cocos\editors\Creator\3.8.7\resources\resources\3d\engine\bin\.cache\dev\editor\bundled\index.js:44082:40)
    at _Deserializer._deserializeObject (C:\ProgramData\cocos\editors\Creator\3.8.7\resources\resources\3d\engine\bin\.cache\dev\editor\bundled\index.js:44060:29)
    at _Deserializer._deserializeAndAssignField (C:\ProgramData\cocos\editors\Creator\3.8.7\resources\resources\3d\engine\bin\.cache\dev\editor\bundled\index.js:44233:36)
    at eval (C:\ProgramData\cocos\editors\Creator\3.8.7\resources\resources\3d\engine\bin\.cache\dev\editor\bundled\index.js:43822:15)
    at _Deserializer._deserializeFireClass (C:\ProgramData\cocos\editors\Creator\3.8.7\resources\resources\3d\engine\bin\.cache\dev\editor\bundled\index.js:44204:11)
    at _Deserializer._deserializeInto (C:\ProgramData\cocos\editors\Creator\3.8.7\resources\resources\3d\engine\bin\.cache\dev\editor\bundled\index.js:44146:18)
    at _Deserializer._deserializeTypeTaggedObject (C:\ProgramData\cocos\editors\Creator\3.8.7\resources\resources\3d\engine\bin\.cache\dev\editor\bundled\index.js:44118:18)
    at _Deserializer._deserializeObject (C:\ProgramData\cocos\editors\Creator\3.8.7\resources\resources\3d\engine\bin\.cache\dev\editor\bundled\index.js:44054:29)
    at _Deserializer._deserializeAndAssignField (C:\ProgramData\cocos\editors\Creator\3.8.7\resources\resources\3d\engine\bin\.cache\dev\editor\bundled\index.js:44221:38)
    at _Deserializer._deserializeArray (C:\ProgramData\cocos\editors\Creator\3.8.7\resources\resources\3d\engine\bin\.cache\dev\editor\bundled\index.js:44082:40)
    at _Deserializer._deserializeObject (C:\ProgramData\cocos\editors\Creator\3.8.7\resources\resources\3d\engine\bin\.cache\dev\editor\bundled\index.js:44060:29)
    at _Deserializer._deserializeAndAssignField (C:\ProgramData\cocos\editors\Creator\3.8.7\resources\resources\3d\engine\bin\.cache\dev\editor\bundled\index.js:44233:36)
    at eval (C:\ProgramData\cocos\editors\Creator\3.8.7\resources\resources\3d\engine\bin\.cache\dev\editor\bundled\index.js:43822:15)
    at _Deserializer._deserializeFireClass (C:\ProgramData\cocos\editors\Creator\3.8.7\resources\resources\3d\engine\bin\.cache\dev\editor\bundled\index.js:44204:11)
    at _Deserializer._deserializeInto (C:\ProgramData\cocos\editors\Creator\3.8.7\resources\resources\3d\engine\bin\.cache\dev\editor\bundled\index.js:44146:18)
    at _Deserializer._deserializeTypeTaggedObject (C:\ProgramData\cocos\editors\Creator\3.8.7\resources\resources\3d\engine\bin\.cache\dev\editor\bundled\index.js:44118:18)
    at _Deserializer._deserializeObject (C:\ProgramData\cocos\editors\Creator\3.8.7\resources\resources\3d\engine\bin\.cache\dev\editor\bundled\index.js:44054:29)
    at _Deserializer._deserializeAndAssignField (C:\ProgramData\cocos\editors\Creator\3.8.7\resources\resources\3d\engine\bin\.cache\dev\editor\bundled\index.js:44221:38)
    at eval (C:\ProgramData\cocos\editors\Creator\3.8.7\resources\resources\3d\engine\bin\.cache\dev\editor\bundled\index.js:43822:15)
    at _Deserializer._deserializeFireClass (C:\ProgramData\cocos\editors\Creator\3.8.7\resources\resources\3d\engine\bin\.cache\dev\editor\bundled\index.js:44204:11)
    at _Deserializer._deserializeInto (C:\ProgramData\cocos\editors\Creator\3.8.7\resources\resources\3d\engine\bin\.cache\dev\editor\bundled\index.js:44146:18)
    at _Deserializer._deserializeTypeTaggedObject (C:\ProgramData\cocos\editors\Creator\3.8.7\resources\resources\3d\engine\bin\.cache\dev\editor\bundled\index.js:44118:18)
    at _Deserializer._deserializeObject (C:\ProgramData\cocos\editors\Creator\3.8.7\resources\resources\3d\engine\bin\.cache\dev\editor\bundled\index.js:44054:29)
9-19-2025 22:28:48 - error: [Scene] Script "1e9f7L/PCtMw4JPgUS+q1hG" attached to "head" is missing or invalid. Detailed information:
Node path: "Canvas/snake/head"
Script file: "C:\Users\ADMIN\snakegame\assets\SnakeController.ts"
Script deleted time: "9/19/2025, 10:08:48 PM"
Script UUID: "1e9f72ff-3c2b-4cc3-824f-8144beab5846"
Class ID: "1e9f7L/PCtMw4JPgUS+q1hG"
Error: [Scene] Script "1e9f7L/PCtMw4JPgUS+q1hG" attached to "head" is missing or invalid. Detailed information:
Node path: "Canvas/snake/head"
Script file: "C:\Users\ADMIN\snakegame\assets\SnakeController.ts"
Script deleted time: "9/19/2025, 10:08:48 PM"
Script UUID: "1e9f72ff-3c2b-4cc3-824f-8144beab5846"
Class ID: "1e9f7L/PCtMw4JPgUS+q1hG"

    at console.error (C:\ProgramData\cocos\editors\Creator\3.8.7\resources\app.asar\node_modules\@sentry\core\src\utils-hoist\instrument\console.ts:40:14)
    at report (C:\ProgramData\cocos\editors\Creator\3.8.7\resources\app.asar\builtin\engine\dist\editor-extends\missing-reporter\missing-class-reporter.ccc:7:25)
    at reportByWalker (C:\ProgramData\cocos\editors\Creator\3.8.7\resources\app.asar\builtin\engine\dist\editor-extends\missing-reporter\missing-class-reporter.ccc:7:127)
9-19-2025 22:29:51 - warn: [Scene] Reset Component failed: 1e9f7L/PCtMw4JPgUS+q1hG does not existError: [Scene] Reset Component failed: 1e9f7L/PCtMw4JPgUS+q1hG does not exist
    at console.warn (C:\ProgramData\cocos\editors\Creator\3.8.7\resources\app.asar\node_modules\@sentry\core\src\utils-hoist\instrument\console.ts:40:14)
    at CompManager.resetComponent (C:\ProgramData\cocos\editors\Creator\3.8.7\resources\app.asar\builtin\scene\dist\script\3d\manager\component\index.ccc:1:1645)
    at NodeManager.resetComponent (C:\ProgramData\cocos\editors\Creator\3.8.7\resources\app.asar\builtin\scene\dist\script\3d\manager\node\index.ccc:1:13303)
    at GeneralSceneFacade.resetComponent (C:\ProgramData\cocos\editors\Creator\3.8.7\resources\app.asar\builtin\scene\dist\script\3d\facade\general-scene-facade.ccc:1:11897)
    at SceneFacadeManager.resetComponent (C:\ProgramData\cocos\editors\Creator\3.8.7\resources\app.asar\builtin\scene\dist\script\3d\facade\scene-facade-manager.ccc:1:15044)
    at step (C:\ProgramData\cocos\editors\Creator\3.8.7\resources\app.asar\builtin\scene\dist\script\3d\manager\ipc\web\ipc.ccc:1:733)
    at C:\ProgramData\cocos\editors\Creator\3.8.7\resources\app.asar\builtin\scene\dist\script\3d\manager\ipc\web\ipc.ccc:2:377
    at new Promise (<anonymous>)
    at C:\ProgramData\cocos\editors\Creator\3.8.7\resources\app.asar\builtin\scene\dist\script\3d\manager\ipc\web\ipc.ccc:2:314
    at IpcRenderer.<anonymous> (C:\ProgramData\cocos\editors\Creator\3.8.7\resources\app.asar\builtin\scene\dist\script\3d\manager\ipc\web\webview.ccc:1:973)
    at IpcRenderer.emit (node:events:519:28)
    at Object.onMessage (node:electron/js2c/renderer_init:2:8837)
9-19-2025 22:33:12 - log: [Scene] meshopt wasm decoder initialized
9-19-2025 22:33:12 - log: [Scene] [box2d]:box2d wasm lib loaded.
9-19-2025 22:33:12 - log: [Scene] [bullet]:bullet wasm lib loaded.
9-19-2025 22:33:12 - log: [Scene] [PHYSICS]: using builtin.
9-19-2025 22:33:13 - log: [Scene] Cocos Creator v3.8.7
9-19-2025 22:33:13 - log: [Scene] Using custom pipeline: Builtin
9-19-2025 22:33:13 - log: [Scene] [PHYSICS2D]: switch from builtin to box2d.
