22:07:18.940 debug: 9/19/2025, 10:07:18 PM
22:07:18.942 debug: Project: C:\Users\ADMIN\snakegame
22:07:18.942 debug: Targets: editor,preview
22:07:18.955 debug: Incremental file seems great.
22:07:18.957 debug: Engine path: C:\ProgramData\cocos\editors\Creator\3.8.7\resources\resources\3d\engine
22:07:19.017 debug: Initializing target [Editor]
22:07:19.018 debug: Loading cache
22:07:19.022 debug: Loading cache costs 3.1300000000010186ms.
22:07:19.022 debug: Engine features shipped in editor: base,gfx-webgl,gfx-webgl2,gfx-empty,gfx-webgpu,3d,animation,skeletal-animation,2d,rich-text,mask,graphics,ui-skew,ui,affine-transform,sorting-2d,particle,particle-2d,physics-framework,physics-cannon,physics-physx,physics-ammo,physics-builtin,physics-2d-framework,physics-2d-box2d-jsb,physics-2d-box2d,physics-2d-builtin,physics-2d-box2d-wasm,intersection-2d,primitive,profiler,occlusion-query,geometry-renderer,debug-renderer,audio,video,xr,light-probe,terrain,webview,tween,tiled-map,vendor-google,spine-3.8,spine-4.2,dragon-bones,marionette,procedural-animation,custom-pipeline,custom-pipeline-builtin-scripts,custom-pipeline-post-process,legacy-pipeline,websocket,websocket-server,meshopt
22:07:19.025 debug: Our import map(foo:/bar): {
  "imports": {
    "cc": "cce:/internal/x/cc"
  }
}
22:07:19.026 debug: Initializing target [Preview]
22:07:19.026 debug: Loading cache
22:07:19.030 debug: Loading cache costs 3.3914000000004307ms.
22:07:19.030 debug: Our import map(foo:/bar): {
  "imports": {
    "cc": "cce:/internal/x/cc"
  }
}
22:07:19.240 debug: Sync engine features: 2d,affine-transform,animation,audio,base,custom-pipeline,dragon-bones,gfx-webgl,gfx-webgl2,graphics,intersection-2d,mask,particle-2d,physics-2d-box2d,profiler,rich-text,spine-3.8,tiled-map,tween,ui,video,webview
22:07:19.256 debug: Reset databases. Enumerated domains: [
  {
    "root": "db://internal/",
    "physical": "C:\\ProgramData\\cocos\\editors\\Creator\\3.8.7\\resources\\resources\\3d\\engine\\editor\\assets"
  },
  {
    "root": "db://assets/",
    "physical": "C:\\Users\\ADMIN\\snakegame\\assets"
  }
]
22:07:19.257 debug: Our import map(foo:/bar): {
  "imports": {
    "cc": "cce:/internal/x/cc",
    "db://internal/": "file:///C:/ProgramData/cocos/editors/Creator/3.8.7/resources/resources/3d/engine/editor/assets/",
    "db://assets/": "file:///C:/Users/ADMIN/snakegame/assets/"
  }
}
22:07:19.261 debug: Our import map(foo:/bar): {
  "imports": {
    "cc": "cce:/internal/x/cc",
    "db://internal/": "file:///C:/ProgramData/cocos/editors/Creator/3.8.7/resources/resources/3d/engine/editor/assets/",
    "db://assets/": "file:///C:/Users/ADMIN/snakegame/assets/"
  }
}
22:07:19.263 debug: Pulling asset-db.
22:07:19.273 debug: Fetch asset-db cost: 10.149199999999837ms.
22:07:19.282 debug: Build iteration starts.
Number of accumulated asset changes: 0
Feature changed: false
22:07:19.282 debug: Target(editor) build started.
22:07:19.297 debug: Detected change: cce:/internal/x/cc. Last mtime: Thu Jan 01 1970 05:30:26 GMT+0530 (India Standard Time), Current mtime: Thu Jan 01 1970 05:30:20 GMT+0530 (India Standard Time)
22:07:19.298 debug: Inspect cce:/internal/x/cc
22:07:19.582 debug: transform url: 'cce:/internal/x/cc' costs: 283.90 ms
22:07:19.588 debug: Resolve cce:/internal/x/cc-fu/base from cce:/internal/x/cc as external dependency cce:/internal/x/cc-fu/base.
22:07:19.588 debug: Resolve cce:/internal/x/cc-fu/gfx-webgl from cce:/internal/x/cc as external dependency cce:/internal/x/cc-fu/gfx-webgl.
22:07:19.588 debug: Resolve cce:/internal/x/cc-fu/gfx-webgl2 from cce:/internal/x/cc as external dependency cce:/internal/x/cc-fu/gfx-webgl2.
22:07:19.588 debug: Resolve cce:/internal/x/cc-fu/gfx-empty from cce:/internal/x/cc as external dependency cce:/internal/x/cc-fu/gfx-empty.
22:07:19.589 debug: Resolve cce:/internal/x/cc-fu/gfx-webgpu from cce:/internal/x/cc as external dependency cce:/internal/x/cc-fu/gfx-webgpu.
22:07:19.589 debug: Resolve cce:/internal/x/cc-fu/3d from cce:/internal/x/cc as external dependency cce:/internal/x/cc-fu/3d.
22:07:19.589 debug: Resolve cce:/internal/x/cc-fu/animation from cce:/internal/x/cc as external dependency cce:/internal/x/cc-fu/animation.
22:07:19.590 debug: Resolve cce:/internal/x/cc-fu/skeletal-animation from cce:/internal/x/cc as external dependency cce:/internal/x/cc-fu/skeletal-animation.
22:07:19.590 debug: Resolve cce:/internal/x/cc-fu/2d from cce:/internal/x/cc as external dependency cce:/internal/x/cc-fu/2d.
22:07:19.591 debug: Resolve cce:/internal/x/cc-fu/sorting from cce:/internal/x/cc as external dependency cce:/internal/x/cc-fu/sorting.
22:07:19.591 debug: Resolve cce:/internal/x/cc-fu/rich-text from cce:/internal/x/cc as external dependency cce:/internal/x/cc-fu/rich-text.
22:07:19.591 debug: Resolve cce:/internal/x/cc-fu/mask from cce:/internal/x/cc as external dependency cce:/internal/x/cc-fu/mask.
22:07:19.592 debug: Resolve cce:/internal/x/cc-fu/graphics from cce:/internal/x/cc as external dependency cce:/internal/x/cc-fu/graphics.
22:07:19.593 debug: Resolve cce:/internal/x/cc-fu/ui-skew from cce:/internal/x/cc as external dependency cce:/internal/x/cc-fu/ui-skew.
22:07:19.593 debug: Resolve cce:/internal/x/cc-fu/ui from cce:/internal/x/cc as external dependency cce:/internal/x/cc-fu/ui.
22:07:19.593 debug: Resolve cce:/internal/x/cc-fu/affine-transform from cce:/internal/x/cc as external dependency cce:/internal/x/cc-fu/affine-transform.
22:07:19.594 debug: Resolve cce:/internal/x/cc-fu/sorting-2d from cce:/internal/x/cc as external dependency cce:/internal/x/cc-fu/sorting-2d.
22:07:19.594 debug: Resolve cce:/internal/x/cc-fu/particle from cce:/internal/x/cc as external dependency cce:/internal/x/cc-fu/particle.
22:07:19.594 debug: Resolve cce:/internal/x/cc-fu/particle-2d from cce:/internal/x/cc as external dependency cce:/internal/x/cc-fu/particle-2d.
22:07:19.594 debug: Resolve cce:/internal/x/cc-fu/physics-framework from cce:/internal/x/cc as external dependency cce:/internal/x/cc-fu/physics-framework.
22:07:19.595 debug: Resolve cce:/internal/x/cc-fu/physics-cannon from cce:/internal/x/cc as external dependency cce:/internal/x/cc-fu/physics-cannon.
22:07:19.595 debug: Resolve cce:/internal/x/cc-fu/physics-physx from cce:/internal/x/cc as external dependency cce:/internal/x/cc-fu/physics-physx.
22:07:19.595 debug: Resolve cce:/internal/x/cc-fu/physics-ammo from cce:/internal/x/cc as external dependency cce:/internal/x/cc-fu/physics-ammo.
22:07:19.595 debug: Resolve cce:/internal/x/cc-fu/physics-builtin from cce:/internal/x/cc as external dependency cce:/internal/x/cc-fu/physics-builtin.
22:07:19.595 debug: Resolve cce:/internal/x/cc-fu/physics-2d-framework from cce:/internal/x/cc as external dependency cce:/internal/x/cc-fu/physics-2d-framework.
22:07:19.596 debug: Resolve cce:/internal/x/cc-fu/physics-2d-box2d-jsb from cce:/internal/x/cc as external dependency cce:/internal/x/cc-fu/physics-2d-box2d-jsb.
22:07:19.596 debug: Resolve cce:/internal/x/cc-fu/physics-2d-box2d from cce:/internal/x/cc as external dependency cce:/internal/x/cc-fu/physics-2d-box2d.
22:07:19.596 debug: Resolve cce:/internal/x/cc-fu/physics-2d-builtin from cce:/internal/x/cc as external dependency cce:/internal/x/cc-fu/physics-2d-builtin.
22:07:19.596 debug: Resolve cce:/internal/x/cc-fu/physics-2d-box2d-wasm from cce:/internal/x/cc as external dependency cce:/internal/x/cc-fu/physics-2d-box2d-wasm.
22:07:19.596 debug: Resolve cce:/internal/x/cc-fu/intersection-2d from cce:/internal/x/cc as external dependency cce:/internal/x/cc-fu/intersection-2d.
22:07:19.596 debug: Resolve cce:/internal/x/cc-fu/primitive from cce:/internal/x/cc as external dependency cce:/internal/x/cc-fu/primitive.
22:07:19.597 debug: Resolve cce:/internal/x/cc-fu/profiler from cce:/internal/x/cc as external dependency cce:/internal/x/cc-fu/profiler.
22:07:19.597 debug: Resolve cce:/internal/x/cc-fu/geometry-renderer from cce:/internal/x/cc as external dependency cce:/internal/x/cc-fu/geometry-renderer.
22:07:19.597 debug: Resolve cce:/internal/x/cc-fu/audio from cce:/internal/x/cc as external dependency cce:/internal/x/cc-fu/audio.
22:07:19.597 debug: Resolve cce:/internal/x/cc-fu/video from cce:/internal/x/cc as external dependency cce:/internal/x/cc-fu/video.
22:07:19.598 debug: Resolve cce:/internal/x/cc-fu/xr from cce:/internal/x/cc as external dependency cce:/internal/x/cc-fu/xr.
22:07:19.598 debug: Resolve cce:/internal/x/cc-fu/light-probe from cce:/internal/x/cc as external dependency cce:/internal/x/cc-fu/light-probe.
22:07:19.598 debug: Resolve cce:/internal/x/cc-fu/terrain from cce:/internal/x/cc as external dependency cce:/internal/x/cc-fu/terrain.
22:07:19.598 debug: Resolve cce:/internal/x/cc-fu/webview from cce:/internal/x/cc as external dependency cce:/internal/x/cc-fu/webview.
22:07:19.598 debug: Resolve cce:/internal/x/cc-fu/tween from cce:/internal/x/cc as external dependency cce:/internal/x/cc-fu/tween.
22:07:19.598 debug: Resolve cce:/internal/x/cc-fu/tiled-map from cce:/internal/x/cc as external dependency cce:/internal/x/cc-fu/tiled-map.
22:07:19.599 debug: Resolve cce:/internal/x/cc-fu/vendor-google from cce:/internal/x/cc as external dependency cce:/internal/x/cc-fu/vendor-google.
22:07:19.599 debug: Resolve cce:/internal/x/cc-fu/spine from cce:/internal/x/cc as external dependency cce:/internal/x/cc-fu/spine.
22:07:19.599 debug: Resolve cce:/internal/x/cc-fu/dragon-bones from cce:/internal/x/cc as external dependency cce:/internal/x/cc-fu/dragon-bones.
22:07:19.599 debug: Resolve cce:/internal/x/cc-fu/custom-pipeline from cce:/internal/x/cc as external dependency cce:/internal/x/cc-fu/custom-pipeline.
22:07:19.599 debug: Resolve cce:/internal/x/cc-fu/custom-pipeline-post-process from cce:/internal/x/cc as external dependency cce:/internal/x/cc-fu/custom-pipeline-post-process.
22:07:19.599 debug: Resolve cce:/internal/x/cc-fu/legacy-pipeline from cce:/internal/x/cc as external dependency cce:/internal/x/cc-fu/legacy-pipeline.
22:07:19.600 debug: Detected change: cce:/internal/x/prerequisite-imports. Last mtime: Thu Jan 01 1970 05:46:28 GMT+0530 (India Standard Time), Current mtime: Thu Jan 01 1970 05:30:20 GMT+0530 (India Standard Time)
22:07:19.601 debug: Inspect cce:/internal/x/prerequisite-imports
22:07:19.689 debug: transform url: 'cce:/internal/x/prerequisite-imports' costs: 87.80 ms
22:07:19.734 debug: Target(editor) ends with cost 451.8675000000003ms.
22:07:19.735 debug: Target(preview) build started.
22:07:19.745 debug: Detected change: cce:/internal/x/cc. Last mtime: Thu Jan 01 1970 05:30:26 GMT+0530 (India Standard Time), Current mtime: Thu Jan 01 1970 05:30:21 GMT+0530 (India Standard Time)
22:07:19.745 debug: Inspect cce:/internal/x/cc
22:07:19.918 debug: transform url: 'cce:/internal/x/cc' costs: 172.90 ms
22:07:19.922 debug: Resolve cce:/internal/x/cc-fu/2d from cce:/internal/x/cc as external dependency cce:/internal/x/cc-fu/2d.
22:07:19.922 debug: Resolve cce:/internal/x/cc-fu/sorting from cce:/internal/x/cc as external dependency cce:/internal/x/cc-fu/sorting.
22:07:19.922 debug: Resolve cce:/internal/x/cc-fu/affine-transform from cce:/internal/x/cc as external dependency cce:/internal/x/cc-fu/affine-transform.
22:07:19.923 debug: Resolve cce:/internal/x/cc-fu/animation from cce:/internal/x/cc as external dependency cce:/internal/x/cc-fu/animation.
22:07:19.923 debug: Resolve cce:/internal/x/cc-fu/audio from cce:/internal/x/cc as external dependency cce:/internal/x/cc-fu/audio.
22:07:19.923 debug: Resolve cce:/internal/x/cc-fu/base from cce:/internal/x/cc as external dependency cce:/internal/x/cc-fu/base.
22:07:19.923 debug: Resolve cce:/internal/x/cc-fu/custom-pipeline from cce:/internal/x/cc as external dependency cce:/internal/x/cc-fu/custom-pipeline.
22:07:19.923 debug: Resolve cce:/internal/x/cc-fu/dragon-bones from cce:/internal/x/cc as external dependency cce:/internal/x/cc-fu/dragon-bones.
22:07:19.924 debug: Resolve cce:/internal/x/cc-fu/gfx-webgl from cce:/internal/x/cc as external dependency cce:/internal/x/cc-fu/gfx-webgl.
22:07:19.924 debug: Resolve cce:/internal/x/cc-fu/gfx-webgl2 from cce:/internal/x/cc as external dependency cce:/internal/x/cc-fu/gfx-webgl2.
22:07:19.924 debug: Resolve cce:/internal/x/cc-fu/graphics from cce:/internal/x/cc as external dependency cce:/internal/x/cc-fu/graphics.
22:07:19.924 debug: Resolve cce:/internal/x/cc-fu/intersection-2d from cce:/internal/x/cc as external dependency cce:/internal/x/cc-fu/intersection-2d.
22:07:19.925 debug: Resolve cce:/internal/x/cc-fu/mask from cce:/internal/x/cc as external dependency cce:/internal/x/cc-fu/mask.
22:07:19.925 debug: Resolve cce:/internal/x/cc-fu/particle-2d from cce:/internal/x/cc as external dependency cce:/internal/x/cc-fu/particle-2d.
22:07:19.925 debug: Resolve cce:/internal/x/cc-fu/physics-2d-box2d from cce:/internal/x/cc as external dependency cce:/internal/x/cc-fu/physics-2d-box2d.
22:07:19.925 debug: Resolve cce:/internal/x/cc-fu/physics-2d-framework from cce:/internal/x/cc as external dependency cce:/internal/x/cc-fu/physics-2d-framework.
22:07:19.926 debug: Resolve cce:/internal/x/cc-fu/profiler from cce:/internal/x/cc as external dependency cce:/internal/x/cc-fu/profiler.
22:07:19.926 debug: Resolve cce:/internal/x/cc-fu/rich-text from cce:/internal/x/cc as external dependency cce:/internal/x/cc-fu/rich-text.
22:07:19.926 debug: Resolve cce:/internal/x/cc-fu/spine from cce:/internal/x/cc as external dependency cce:/internal/x/cc-fu/spine.
22:07:19.928 debug: Resolve cce:/internal/x/cc-fu/tiled-map from cce:/internal/x/cc as external dependency cce:/internal/x/cc-fu/tiled-map.
22:07:19.928 debug: Resolve cce:/internal/x/cc-fu/tween from cce:/internal/x/cc as external dependency cce:/internal/x/cc-fu/tween.
22:07:19.928 debug: Resolve cce:/internal/x/cc-fu/ui from cce:/internal/x/cc as external dependency cce:/internal/x/cc-fu/ui.
22:07:19.928 debug: Resolve cce:/internal/x/cc-fu/video from cce:/internal/x/cc as external dependency cce:/internal/x/cc-fu/video.
22:07:19.929 debug: Resolve cce:/internal/x/cc-fu/webview from cce:/internal/x/cc as external dependency cce:/internal/x/cc-fu/webview.
22:07:19.929 debug: Detected change: cce:/internal/x/prerequisite-imports. Last mtime: Thu Jan 01 1970 05:46:28 GMT+0530 (India Standard Time), Current mtime: Thu Jan 01 1970 05:30:20 GMT+0530 (India Standard Time)
22:07:19.929 debug: Inspect cce:/internal/x/prerequisite-imports
22:07:19.995 debug: transform url: 'cce:/internal/x/prerequisite-imports' costs: 65.40 ms
22:07:20.026 debug: Target(preview) ends with cost 291.08150000000023ms.
22:07:25.197 debug: Pulling asset-db.
22:07:27.380 debug: Fetch asset-db cost: 2182.0985999999975ms.
22:07:27.384 debug: Build iteration starts.
Number of accumulated asset changes: 8
Feature changed: false
22:07:27.384 debug: Target(editor) build started.
22:07:27.393 debug: Detected change: cce:/internal/x/prerequisite-imports. Last mtime: Thu Jan 01 1970 05:30:20 GMT+0530 (India Standard Time), Current mtime: Thu Jan 01 1970 05:30:29 GMT+0530 (India Standard Time)
22:07:27.393 debug: Inspect cce:/internal/x/prerequisite-imports
22:07:27.447 debug: transform url: 'cce:/internal/x/prerequisite-imports' costs: 53.00 ms
22:07:27.452 debug: Resolve file:///C:/ProgramData/cocos/editors/Creator/3.8.7/resources/resources/3d/engine/editor/assets/default_renderpipeline/builtin-dof-pass.ts from cce:/internal/x/prerequisite-imports as file:///C:/ProgramData/cocos/editors/Creator/3.8.7/resources/resources/3d/engine/editor/assets/default_renderpipeline/builtin-dof-pass.ts.
22:07:27.455 debug: Resolve file:///C:/ProgramData/cocos/editors/Creator/3.8.7/resources/resources/3d/engine/editor/assets/default_renderpipeline/builtin-pipeline-pass.ts from cce:/internal/x/prerequisite-imports as file:///C:/ProgramData/cocos/editors/Creator/3.8.7/resources/resources/3d/engine/editor/assets/default_renderpipeline/builtin-pipeline-pass.ts.
22:07:27.459 debug: Resolve file:///C:/ProgramData/cocos/editors/Creator/3.8.7/resources/resources/3d/engine/editor/assets/default_renderpipeline/builtin-pipeline-settings.ts from cce:/internal/x/prerequisite-imports as file:///C:/ProgramData/cocos/editors/Creator/3.8.7/resources/resources/3d/engine/editor/assets/default_renderpipeline/builtin-pipeline-settings.ts.
22:07:27.461 debug: Resolve file:///C:/ProgramData/cocos/editors/Creator/3.8.7/resources/resources/3d/engine/editor/assets/default_renderpipeline/builtin-pipeline-types.ts from cce:/internal/x/prerequisite-imports as file:///C:/ProgramData/cocos/editors/Creator/3.8.7/resources/resources/3d/engine/editor/assets/default_renderpipeline/builtin-pipeline-types.ts.
22:07:27.464 debug: Resolve file:///C:/ProgramData/cocos/editors/Creator/3.8.7/resources/resources/3d/engine/editor/assets/default_renderpipeline/builtin-pipeline.ts from cce:/internal/x/prerequisite-imports as file:///C:/ProgramData/cocos/editors/Creator/3.8.7/resources/resources/3d/engine/editor/assets/default_renderpipeline/builtin-pipeline.ts.
22:07:27.467 debug: Resolve file:///C:/ProgramData/cocos/editors/Creator/3.8.7/resources/resources/3d/engine/editor/assets/tools/debug-view-runtime-control.ts from cce:/internal/x/prerequisite-imports as file:///C:/ProgramData/cocos/editors/Creator/3.8.7/resources/resources/3d/engine/editor/assets/tools/debug-view-runtime-control.ts.
22:07:27.468 debug: Resolve file:///C:/Users/ADMIN/snakegame/assets/SnakeController.ts from cce:/internal/x/prerequisite-imports as file:///C:/Users/ADMIN/snakegame/assets/SnakeController.ts.
22:07:27.470 debug: Resolve file:///C:/Users/ADMIN/snakegame/assets/applecontroller.ts from cce:/internal/x/prerequisite-imports as file:///C:/Users/ADMIN/snakegame/assets/applecontroller.ts.
22:07:27.471 debug: Detected change: cce:/internal/code-quality/cr.mjs. Last mtime: Fri Sep 19 2025 21:49:24 GMT+0530 (India Standard Time), Current mtime: Fri Sep 19 2025 22:06:58 GMT+0530 (India Standard Time)
22:07:27.471 debug: Inspect cce:/internal/code-quality/cr.mjs
22:07:27.524 debug: transform url: 'cce:/internal/code-quality/cr.mjs' costs: 53.40 ms
22:07:27.592 debug: Target(editor) ends with cost 206.72040000000197ms.
22:07:27.594 debug: Target(preview) build started.
22:07:27.603 debug: Detected change: cce:/internal/x/prerequisite-imports. Last mtime: Thu Jan 01 1970 05:30:20 GMT+0530 (India Standard Time), Current mtime: Thu Jan 01 1970 05:30:29 GMT+0530 (India Standard Time)
22:07:27.603 debug: Inspect cce:/internal/x/prerequisite-imports
22:07:27.648 debug: transform url: 'cce:/internal/x/prerequisite-imports' costs: 44.80 ms
22:07:27.654 debug: Resolve file:///C:/ProgramData/cocos/editors/Creator/3.8.7/resources/resources/3d/engine/editor/assets/default_renderpipeline/builtin-dof-pass.ts from cce:/internal/x/prerequisite-imports as file:///C:/ProgramData/cocos/editors/Creator/3.8.7/resources/resources/3d/engine/editor/assets/default_renderpipeline/builtin-dof-pass.ts.
22:07:27.656 debug: Resolve file:///C:/ProgramData/cocos/editors/Creator/3.8.7/resources/resources/3d/engine/editor/assets/default_renderpipeline/builtin-pipeline-pass.ts from cce:/internal/x/prerequisite-imports as file:///C:/ProgramData/cocos/editors/Creator/3.8.7/resources/resources/3d/engine/editor/assets/default_renderpipeline/builtin-pipeline-pass.ts.
22:07:27.659 debug: Resolve file:///C:/ProgramData/cocos/editors/Creator/3.8.7/resources/resources/3d/engine/editor/assets/default_renderpipeline/builtin-pipeline-settings.ts from cce:/internal/x/prerequisite-imports as file:///C:/ProgramData/cocos/editors/Creator/3.8.7/resources/resources/3d/engine/editor/assets/default_renderpipeline/builtin-pipeline-settings.ts.
22:07:27.662 debug: Resolve file:///C:/ProgramData/cocos/editors/Creator/3.8.7/resources/resources/3d/engine/editor/assets/default_renderpipeline/builtin-pipeline-types.ts from cce:/internal/x/prerequisite-imports as file:///C:/ProgramData/cocos/editors/Creator/3.8.7/resources/resources/3d/engine/editor/assets/default_renderpipeline/builtin-pipeline-types.ts.
22:07:27.664 debug: Resolve file:///C:/ProgramData/cocos/editors/Creator/3.8.7/resources/resources/3d/engine/editor/assets/default_renderpipeline/builtin-pipeline.ts from cce:/internal/x/prerequisite-imports as file:///C:/ProgramData/cocos/editors/Creator/3.8.7/resources/resources/3d/engine/editor/assets/default_renderpipeline/builtin-pipeline.ts.
22:07:27.667 debug: Resolve file:///C:/ProgramData/cocos/editors/Creator/3.8.7/resources/resources/3d/engine/editor/assets/tools/debug-view-runtime-control.ts from cce:/internal/x/prerequisite-imports as file:///C:/ProgramData/cocos/editors/Creator/3.8.7/resources/resources/3d/engine/editor/assets/tools/debug-view-runtime-control.ts.
22:07:27.668 debug: Resolve file:///C:/Users/ADMIN/snakegame/assets/SnakeController.ts from cce:/internal/x/prerequisite-imports as file:///C:/Users/ADMIN/snakegame/assets/SnakeController.ts.
22:07:27.670 debug: Resolve file:///C:/Users/ADMIN/snakegame/assets/applecontroller.ts from cce:/internal/x/prerequisite-imports as file:///C:/Users/ADMIN/snakegame/assets/applecontroller.ts.
22:07:27.671 debug: Detected change: cce:/internal/code-quality/cr.mjs. Last mtime: Fri Sep 19 2025 21:49:24 GMT+0530 (India Standard Time), Current mtime: Fri Sep 19 2025 22:06:58 GMT+0530 (India Standard Time)
22:07:27.671 debug: Inspect cce:/internal/code-quality/cr.mjs
22:07:27.727 debug: transform url: 'cce:/internal/code-quality/cr.mjs' costs: 55.80 ms
22:07:27.784 debug: Target(preview) ends with cost 189.15060000000085ms.
22:08:48.100 debug: Dispatch build request for time accumulated 1 asset changes.
22:08:48.113 debug: Build iteration starts.
Number of accumulated asset changes: 1
Feature changed: false
22:08:48.115 debug: Target(editor) build started.
22:08:48.127 debug: Detected change: cce:/internal/x/prerequisite-imports. Last mtime: Thu Jan 01 1970 05:30:29 GMT+0530 (India Standard Time), Current mtime: Thu Jan 01 1970 05:31:49 GMT+0530 (India Standard Time)
22:08:48.127 debug: Inspect cce:/internal/x/prerequisite-imports
22:08:48.220 debug: transform url: 'cce:/internal/x/prerequisite-imports' costs: 92.60 ms
22:08:48.245 debug: Resolve file:///C:/ProgramData/cocos/editors/Creator/3.8.7/resources/resources/3d/engine/editor/assets/default_renderpipeline/builtin-dof-pass.ts from cce:/internal/x/prerequisite-imports as file:///C:/ProgramData/cocos/editors/Creator/3.8.7/resources/resources/3d/engine/editor/assets/default_renderpipeline/builtin-dof-pass.ts.
22:08:48.250 debug: Resolve file:///C:/ProgramData/cocos/editors/Creator/3.8.7/resources/resources/3d/engine/editor/assets/default_renderpipeline/builtin-pipeline-pass.ts from cce:/internal/x/prerequisite-imports as file:///C:/ProgramData/cocos/editors/Creator/3.8.7/resources/resources/3d/engine/editor/assets/default_renderpipeline/builtin-pipeline-pass.ts.
22:08:48.261 debug: Resolve file:///C:/ProgramData/cocos/editors/Creator/3.8.7/resources/resources/3d/engine/editor/assets/default_renderpipeline/builtin-pipeline-settings.ts from cce:/internal/x/prerequisite-imports as file:///C:/ProgramData/cocos/editors/Creator/3.8.7/resources/resources/3d/engine/editor/assets/default_renderpipeline/builtin-pipeline-settings.ts.
22:08:48.268 debug: Resolve file:///C:/ProgramData/cocos/editors/Creator/3.8.7/resources/resources/3d/engine/editor/assets/default_renderpipeline/builtin-pipeline-types.ts from cce:/internal/x/prerequisite-imports as file:///C:/ProgramData/cocos/editors/Creator/3.8.7/resources/resources/3d/engine/editor/assets/default_renderpipeline/builtin-pipeline-types.ts.
22:08:48.281 debug: Resolve file:///C:/ProgramData/cocos/editors/Creator/3.8.7/resources/resources/3d/engine/editor/assets/default_renderpipeline/builtin-pipeline.ts from cce:/internal/x/prerequisite-imports as file:///C:/ProgramData/cocos/editors/Creator/3.8.7/resources/resources/3d/engine/editor/assets/default_renderpipeline/builtin-pipeline.ts.
22:08:48.284 debug: Resolve file:///C:/ProgramData/cocos/editors/Creator/3.8.7/resources/resources/3d/engine/editor/assets/tools/debug-view-runtime-control.ts from cce:/internal/x/prerequisite-imports as file:///C:/ProgramData/cocos/editors/Creator/3.8.7/resources/resources/3d/engine/editor/assets/tools/debug-view-runtime-control.ts.
22:08:48.286 debug: Resolve file:///C:/Users/ADMIN/snakegame/assets/applecontroller.ts from cce:/internal/x/prerequisite-imports as file:///C:/Users/ADMIN/snakegame/assets/applecontroller.ts.
22:08:48.360 debug: Target(editor) ends with cost 244.63460000000487ms.
22:08:48.368 debug: Target(preview) build started.
22:08:48.382 debug: Detected change: cce:/internal/x/prerequisite-imports. Last mtime: Thu Jan 01 1970 05:30:29 GMT+0530 (India Standard Time), Current mtime: Thu Jan 01 1970 05:31:50 GMT+0530 (India Standard Time)
22:08:48.382 debug: Inspect cce:/internal/x/prerequisite-imports
22:08:48.448 debug: transform url: 'cce:/internal/x/prerequisite-imports' costs: 65.00 ms
22:08:48.453 debug: Resolve file:///C:/ProgramData/cocos/editors/Creator/3.8.7/resources/resources/3d/engine/editor/assets/default_renderpipeline/builtin-dof-pass.ts from cce:/internal/x/prerequisite-imports as file:///C:/ProgramData/cocos/editors/Creator/3.8.7/resources/resources/3d/engine/editor/assets/default_renderpipeline/builtin-dof-pass.ts.
22:08:48.456 debug: Resolve file:///C:/ProgramData/cocos/editors/Creator/3.8.7/resources/resources/3d/engine/editor/assets/default_renderpipeline/builtin-pipeline-pass.ts from cce:/internal/x/prerequisite-imports as file:///C:/ProgramData/cocos/editors/Creator/3.8.7/resources/resources/3d/engine/editor/assets/default_renderpipeline/builtin-pipeline-pass.ts.
22:08:48.460 debug: Resolve file:///C:/ProgramData/cocos/editors/Creator/3.8.7/resources/resources/3d/engine/editor/assets/default_renderpipeline/builtin-pipeline-settings.ts from cce:/internal/x/prerequisite-imports as file:///C:/ProgramData/cocos/editors/Creator/3.8.7/resources/resources/3d/engine/editor/assets/default_renderpipeline/builtin-pipeline-settings.ts.
22:08:48.463 debug: Resolve file:///C:/ProgramData/cocos/editors/Creator/3.8.7/resources/resources/3d/engine/editor/assets/default_renderpipeline/builtin-pipeline-types.ts from cce:/internal/x/prerequisite-imports as file:///C:/ProgramData/cocos/editors/Creator/3.8.7/resources/resources/3d/engine/editor/assets/default_renderpipeline/builtin-pipeline-types.ts.
22:08:48.465 debug: Resolve file:///C:/ProgramData/cocos/editors/Creator/3.8.7/resources/resources/3d/engine/editor/assets/default_renderpipeline/builtin-pipeline.ts from cce:/internal/x/prerequisite-imports as file:///C:/ProgramData/cocos/editors/Creator/3.8.7/resources/resources/3d/engine/editor/assets/default_renderpipeline/builtin-pipeline.ts.
22:08:48.468 debug: Resolve file:///C:/ProgramData/cocos/editors/Creator/3.8.7/resources/resources/3d/engine/editor/assets/tools/debug-view-runtime-control.ts from cce:/internal/x/prerequisite-imports as file:///C:/ProgramData/cocos/editors/Creator/3.8.7/resources/resources/3d/engine/editor/assets/tools/debug-view-runtime-control.ts.
22:08:48.470 debug: Resolve file:///C:/Users/ADMIN/snakegame/assets/applecontroller.ts from cce:/internal/x/prerequisite-imports as file:///C:/Users/ADMIN/snakegame/assets/applecontroller.ts.
22:08:48.531 debug: Target(preview) ends with cost 162.98249999999825ms.
22:10:13.786 debug: Dispatch build request for time accumulated 1 asset changes.
22:10:13.796 debug: Build iteration starts.
Number of accumulated asset changes: 1
Feature changed: false
22:10:13.797 debug: Target(editor) build started.
22:10:13.812 debug: Detected change: cce:/internal/x/prerequisite-imports. Last mtime: Thu Jan 01 1970 05:31:49 GMT+0530 (India Standard Time), Current mtime: Thu Jan 01 1970 05:33:15 GMT+0530 (India Standard Time)
22:10:13.812 debug: Inspect cce:/internal/x/prerequisite-imports
22:10:13.894 debug: transform url: 'cce:/internal/x/prerequisite-imports' costs: 81.90 ms
22:10:13.903 debug: Resolve file:///C:/ProgramData/cocos/editors/Creator/3.8.7/resources/resources/3d/engine/editor/assets/default_renderpipeline/builtin-dof-pass.ts from cce:/internal/x/prerequisite-imports as file:///C:/ProgramData/cocos/editors/Creator/3.8.7/resources/resources/3d/engine/editor/assets/default_renderpipeline/builtin-dof-pass.ts.
22:10:13.907 debug: Resolve file:///C:/ProgramData/cocos/editors/Creator/3.8.7/resources/resources/3d/engine/editor/assets/default_renderpipeline/builtin-pipeline-pass.ts from cce:/internal/x/prerequisite-imports as file:///C:/ProgramData/cocos/editors/Creator/3.8.7/resources/resources/3d/engine/editor/assets/default_renderpipeline/builtin-pipeline-pass.ts.
22:10:13.911 debug: Resolve file:///C:/ProgramData/cocos/editors/Creator/3.8.7/resources/resources/3d/engine/editor/assets/default_renderpipeline/builtin-pipeline-settings.ts from cce:/internal/x/prerequisite-imports as file:///C:/ProgramData/cocos/editors/Creator/3.8.7/resources/resources/3d/engine/editor/assets/default_renderpipeline/builtin-pipeline-settings.ts.
22:10:13.918 debug: Resolve file:///C:/ProgramData/cocos/editors/Creator/3.8.7/resources/resources/3d/engine/editor/assets/default_renderpipeline/builtin-pipeline-types.ts from cce:/internal/x/prerequisite-imports as file:///C:/ProgramData/cocos/editors/Creator/3.8.7/resources/resources/3d/engine/editor/assets/default_renderpipeline/builtin-pipeline-types.ts.
22:10:13.920 debug: Resolve file:///C:/ProgramData/cocos/editors/Creator/3.8.7/resources/resources/3d/engine/editor/assets/default_renderpipeline/builtin-pipeline.ts from cce:/internal/x/prerequisite-imports as file:///C:/ProgramData/cocos/editors/Creator/3.8.7/resources/resources/3d/engine/editor/assets/default_renderpipeline/builtin-pipeline.ts.
22:10:13.924 debug: Resolve file:///C:/ProgramData/cocos/editors/Creator/3.8.7/resources/resources/3d/engine/editor/assets/tools/debug-view-runtime-control.ts from cce:/internal/x/prerequisite-imports as file:///C:/ProgramData/cocos/editors/Creator/3.8.7/resources/resources/3d/engine/editor/assets/tools/debug-view-runtime-control.ts.
22:10:13.927 debug: Resolve file:///C:/Users/ADMIN/snakegame/assets/SnakeController.ts from cce:/internal/x/prerequisite-imports as file:///C:/Users/ADMIN/snakegame/assets/SnakeController.ts.
22:10:13.927 debug: Detected change: file:///C:/Users/ADMIN/snakegame/assets/SnakeController.ts. Last mtime: Fri Sep 19 2025 22:05:43 GMT+0530 (India Standard Time)@1e9f72ff-3c2b-4cc3-824f-8144beab5846, Current mtime: Fri Sep 19 2025 22:10:13 GMT+0530 (India Standard Time)@21e9a525-4c66-474f-8c3f-816f09cd249b
22:10:13.928 debug: Inspect file:///C:/Users/ADMIN/snakegame/assets/SnakeController.ts
22:10:14.068 debug: transform url: 'file:///C:/Users/ADMIN/snakegame/assets/SnakeController.ts' costs: 140.60 ms
22:10:14.076 debug: Resolve file:///C:/Users/ADMIN/snakegame/assets/applecontroller.ts from cce:/internal/x/prerequisite-imports as file:///C:/Users/ADMIN/snakegame/assets/applecontroller.ts.
22:10:14.080 debug: Resolve cc from file:///C:/Users/ADMIN/snakegame/assets/SnakeController.ts as cce:/internal/x/cc.
22:10:14.080 debug: Resolve cc from file:///C:/Users/ADMIN/snakegame/assets/SnakeController.ts as cce:/internal/x/cc.
22:10:14.080 debug: Resolve cc from file:///C:/Users/ADMIN/snakegame/assets/SnakeController.ts as cce:/internal/x/cc.
22:10:14.153 debug: Target(editor) ends with cost 355.5303000000131ms.
22:10:14.154 debug: Target(preview) build started.
22:10:14.184 debug: Detected change: cce:/internal/x/prerequisite-imports. Last mtime: Thu Jan 01 1970 05:31:50 GMT+0530 (India Standard Time), Current mtime: Thu Jan 01 1970 05:33:16 GMT+0530 (India Standard Time)
22:10:14.184 debug: Inspect cce:/internal/x/prerequisite-imports
22:10:14.272 debug: transform url: 'cce:/internal/x/prerequisite-imports' costs: 87.80 ms
22:10:14.280 debug: Resolve file:///C:/ProgramData/cocos/editors/Creator/3.8.7/resources/resources/3d/engine/editor/assets/default_renderpipeline/builtin-dof-pass.ts from cce:/internal/x/prerequisite-imports as file:///C:/ProgramData/cocos/editors/Creator/3.8.7/resources/resources/3d/engine/editor/assets/default_renderpipeline/builtin-dof-pass.ts.
22:10:14.283 debug: Resolve file:///C:/ProgramData/cocos/editors/Creator/3.8.7/resources/resources/3d/engine/editor/assets/default_renderpipeline/builtin-pipeline-pass.ts from cce:/internal/x/prerequisite-imports as file:///C:/ProgramData/cocos/editors/Creator/3.8.7/resources/resources/3d/engine/editor/assets/default_renderpipeline/builtin-pipeline-pass.ts.
22:10:14.286 debug: Resolve file:///C:/ProgramData/cocos/editors/Creator/3.8.7/resources/resources/3d/engine/editor/assets/default_renderpipeline/builtin-pipeline-settings.ts from cce:/internal/x/prerequisite-imports as file:///C:/ProgramData/cocos/editors/Creator/3.8.7/resources/resources/3d/engine/editor/assets/default_renderpipeline/builtin-pipeline-settings.ts.
22:10:14.288 debug: Resolve file:///C:/ProgramData/cocos/editors/Creator/3.8.7/resources/resources/3d/engine/editor/assets/default_renderpipeline/builtin-pipeline-types.ts from cce:/internal/x/prerequisite-imports as file:///C:/ProgramData/cocos/editors/Creator/3.8.7/resources/resources/3d/engine/editor/assets/default_renderpipeline/builtin-pipeline-types.ts.
22:10:14.297 debug: Resolve file:///C:/ProgramData/cocos/editors/Creator/3.8.7/resources/resources/3d/engine/editor/assets/default_renderpipeline/builtin-pipeline.ts from cce:/internal/x/prerequisite-imports as file:///C:/ProgramData/cocos/editors/Creator/3.8.7/resources/resources/3d/engine/editor/assets/default_renderpipeline/builtin-pipeline.ts.
22:10:14.300 debug: Resolve file:///C:/ProgramData/cocos/editors/Creator/3.8.7/resources/resources/3d/engine/editor/assets/tools/debug-view-runtime-control.ts from cce:/internal/x/prerequisite-imports as file:///C:/ProgramData/cocos/editors/Creator/3.8.7/resources/resources/3d/engine/editor/assets/tools/debug-view-runtime-control.ts.
22:10:14.303 debug: Resolve file:///C:/Users/ADMIN/snakegame/assets/SnakeController.ts from cce:/internal/x/prerequisite-imports as file:///C:/Users/ADMIN/snakegame/assets/SnakeController.ts.
22:10:14.305 debug: Detected change: file:///C:/Users/ADMIN/snakegame/assets/SnakeController.ts. Last mtime: Fri Sep 19 2025 22:05:43 GMT+0530 (India Standard Time)@1e9f72ff-3c2b-4cc3-824f-8144beab5846, Current mtime: Fri Sep 19 2025 22:10:13 GMT+0530 (India Standard Time)@21e9a525-4c66-474f-8c3f-816f09cd249b
22:10:14.306 debug: Inspect file:///C:/Users/ADMIN/snakegame/assets/SnakeController.ts
22:10:14.448 debug: transform url: 'file:///C:/Users/ADMIN/snakegame/assets/SnakeController.ts' costs: 141.90 ms
22:10:14.457 debug: Resolve file:///C:/Users/ADMIN/snakegame/assets/applecontroller.ts from cce:/internal/x/prerequisite-imports as file:///C:/Users/ADMIN/snakegame/assets/applecontroller.ts.
22:10:14.461 debug: Resolve cc from file:///C:/Users/ADMIN/snakegame/assets/SnakeController.ts as cce:/internal/x/cc.
22:10:14.463 debug: Resolve cc from file:///C:/Users/ADMIN/snakegame/assets/SnakeController.ts as cce:/internal/x/cc.
22:10:14.464 debug: Resolve cc from file:///C:/Users/ADMIN/snakegame/assets/SnakeController.ts as cce:/internal/x/cc.
22:10:14.605 debug: Target(preview) ends with cost 450.04790000000503ms.
22:12:53.152 debug: Dispatch build request for time accumulated 1 asset changes.
22:12:53.160 debug: Build iteration starts.
Number of accumulated asset changes: 1
Feature changed: false
22:12:53.161 debug: Target(editor) build started.
22:12:53.170 debug: Detected change: cce:/internal/x/prerequisite-imports. Last mtime: Thu Jan 01 1970 05:33:15 GMT+0530 (India Standard Time), Current mtime: Thu Jan 01 1970 05:35:55 GMT+0530 (India Standard Time)
22:12:53.170 debug: Inspect cce:/internal/x/prerequisite-imports
22:12:53.208 debug: transform url: 'cce:/internal/x/prerequisite-imports' costs: 38.00 ms
22:12:53.214 debug: Resolve file:///C:/ProgramData/cocos/editors/Creator/3.8.7/resources/resources/3d/engine/editor/assets/default_renderpipeline/builtin-dof-pass.ts from cce:/internal/x/prerequisite-imports as file:///C:/ProgramData/cocos/editors/Creator/3.8.7/resources/resources/3d/engine/editor/assets/default_renderpipeline/builtin-dof-pass.ts.
22:12:53.217 debug: Resolve file:///C:/ProgramData/cocos/editors/Creator/3.8.7/resources/resources/3d/engine/editor/assets/default_renderpipeline/builtin-pipeline-pass.ts from cce:/internal/x/prerequisite-imports as file:///C:/ProgramData/cocos/editors/Creator/3.8.7/resources/resources/3d/engine/editor/assets/default_renderpipeline/builtin-pipeline-pass.ts.
22:12:53.219 debug: Resolve file:///C:/ProgramData/cocos/editors/Creator/3.8.7/resources/resources/3d/engine/editor/assets/default_renderpipeline/builtin-pipeline-settings.ts from cce:/internal/x/prerequisite-imports as file:///C:/ProgramData/cocos/editors/Creator/3.8.7/resources/resources/3d/engine/editor/assets/default_renderpipeline/builtin-pipeline-settings.ts.
22:12:53.220 debug: Resolve file:///C:/ProgramData/cocos/editors/Creator/3.8.7/resources/resources/3d/engine/editor/assets/default_renderpipeline/builtin-pipeline-types.ts from cce:/internal/x/prerequisite-imports as file:///C:/ProgramData/cocos/editors/Creator/3.8.7/resources/resources/3d/engine/editor/assets/default_renderpipeline/builtin-pipeline-types.ts.
22:12:53.222 debug: Resolve file:///C:/ProgramData/cocos/editors/Creator/3.8.7/resources/resources/3d/engine/editor/assets/default_renderpipeline/builtin-pipeline.ts from cce:/internal/x/prerequisite-imports as file:///C:/ProgramData/cocos/editors/Creator/3.8.7/resources/resources/3d/engine/editor/assets/default_renderpipeline/builtin-pipeline.ts.
22:12:53.225 debug: Resolve file:///C:/ProgramData/cocos/editors/Creator/3.8.7/resources/resources/3d/engine/editor/assets/tools/debug-view-runtime-control.ts from cce:/internal/x/prerequisite-imports as file:///C:/ProgramData/cocos/editors/Creator/3.8.7/resources/resources/3d/engine/editor/assets/tools/debug-view-runtime-control.ts.
22:12:53.227 debug: Resolve file:///C:/Users/ADMIN/snakegame/assets/SnakeController.ts from cce:/internal/x/prerequisite-imports as file:///C:/Users/ADMIN/snakegame/assets/SnakeController.ts.
22:12:53.227 debug: Detected change: file:///C:/Users/ADMIN/snakegame/assets/SnakeController.ts. Last mtime: Fri Sep 19 2025 22:10:13 GMT+0530 (India Standard Time)@21e9a525-4c66-474f-8c3f-816f09cd249b, Current mtime: Fri Sep 19 2025 22:12:50 GMT+0530 (India Standard Time)@21e9a525-4c66-474f-8c3f-816f09cd249b
22:12:53.227 debug: Inspect file:///C:/Users/ADMIN/snakegame/assets/SnakeController.ts
22:12:53.492 debug: transform url: 'file:///C:/Users/ADMIN/snakegame/assets/SnakeController.ts' costs: 264.60 ms
22:12:53.497 debug: Resolve file:///C:/Users/ADMIN/snakegame/assets/applecontroller.ts from cce:/internal/x/prerequisite-imports as file:///C:/Users/ADMIN/snakegame/assets/applecontroller.ts.
22:12:53.498 debug: Resolve cc from file:///C:/Users/ADMIN/snakegame/assets/SnakeController.ts as cce:/internal/x/cc.
22:12:53.498 debug: Resolve cc from file:///C:/Users/ADMIN/snakegame/assets/SnakeController.ts as cce:/internal/x/cc.
22:12:53.499 debug: Resolve cc from file:///C:/Users/ADMIN/snakegame/assets/SnakeController.ts as cce:/internal/x/cc.
22:12:53.545 debug: Target(editor) ends with cost 382.7002999999677ms.
22:12:53.545 debug: Target(preview) build started.
22:12:53.553 debug: Detected change: cce:/internal/x/prerequisite-imports. Last mtime: Thu Jan 01 1970 05:33:16 GMT+0530 (India Standard Time), Current mtime: Thu Jan 01 1970 05:35:55 GMT+0530 (India Standard Time)
22:12:53.557 debug: Inspect cce:/internal/x/prerequisite-imports
22:12:53.603 debug: transform url: 'cce:/internal/x/prerequisite-imports' costs: 45.80 ms
22:12:53.608 debug: Resolve file:///C:/ProgramData/cocos/editors/Creator/3.8.7/resources/resources/3d/engine/editor/assets/default_renderpipeline/builtin-dof-pass.ts from cce:/internal/x/prerequisite-imports as file:///C:/ProgramData/cocos/editors/Creator/3.8.7/resources/resources/3d/engine/editor/assets/default_renderpipeline/builtin-dof-pass.ts.
22:12:53.610 debug: Resolve file:///C:/ProgramData/cocos/editors/Creator/3.8.7/resources/resources/3d/engine/editor/assets/default_renderpipeline/builtin-pipeline-pass.ts from cce:/internal/x/prerequisite-imports as file:///C:/ProgramData/cocos/editors/Creator/3.8.7/resources/resources/3d/engine/editor/assets/default_renderpipeline/builtin-pipeline-pass.ts.
22:12:53.611 debug: Resolve file:///C:/ProgramData/cocos/editors/Creator/3.8.7/resources/resources/3d/engine/editor/assets/default_renderpipeline/builtin-pipeline-settings.ts from cce:/internal/x/prerequisite-imports as file:///C:/ProgramData/cocos/editors/Creator/3.8.7/resources/resources/3d/engine/editor/assets/default_renderpipeline/builtin-pipeline-settings.ts.
22:12:53.613 debug: Resolve file:///C:/ProgramData/cocos/editors/Creator/3.8.7/resources/resources/3d/engine/editor/assets/default_renderpipeline/builtin-pipeline-types.ts from cce:/internal/x/prerequisite-imports as file:///C:/ProgramData/cocos/editors/Creator/3.8.7/resources/resources/3d/engine/editor/assets/default_renderpipeline/builtin-pipeline-types.ts.
22:12:53.615 debug: Resolve file:///C:/ProgramData/cocos/editors/Creator/3.8.7/resources/resources/3d/engine/editor/assets/default_renderpipeline/builtin-pipeline.ts from cce:/internal/x/prerequisite-imports as file:///C:/ProgramData/cocos/editors/Creator/3.8.7/resources/resources/3d/engine/editor/assets/default_renderpipeline/builtin-pipeline.ts.
22:12:53.617 debug: Resolve file:///C:/ProgramData/cocos/editors/Creator/3.8.7/resources/resources/3d/engine/editor/assets/tools/debug-view-runtime-control.ts from cce:/internal/x/prerequisite-imports as file:///C:/ProgramData/cocos/editors/Creator/3.8.7/resources/resources/3d/engine/editor/assets/tools/debug-view-runtime-control.ts.
22:12:53.618 debug: Resolve file:///C:/Users/ADMIN/snakegame/assets/SnakeController.ts from cce:/internal/x/prerequisite-imports as file:///C:/Users/ADMIN/snakegame/assets/SnakeController.ts.
22:12:53.618 debug: Detected change: file:///C:/Users/ADMIN/snakegame/assets/SnakeController.ts. Last mtime: Fri Sep 19 2025 22:10:13 GMT+0530 (India Standard Time)@21e9a525-4c66-474f-8c3f-816f09cd249b, Current mtime: Fri Sep 19 2025 22:12:50 GMT+0530 (India Standard Time)@21e9a525-4c66-474f-8c3f-816f09cd249b
22:12:53.618 debug: Inspect file:///C:/Users/ADMIN/snakegame/assets/SnakeController.ts
22:12:53.842 debug: transform url: 'file:///C:/Users/ADMIN/snakegame/assets/SnakeController.ts' costs: 223.10 ms
22:12:53.847 debug: Resolve file:///C:/Users/ADMIN/snakegame/assets/applecontroller.ts from cce:/internal/x/prerequisite-imports as file:///C:/Users/ADMIN/snakegame/assets/applecontroller.ts.
22:12:53.848 debug: Resolve cc from file:///C:/Users/ADMIN/snakegame/assets/SnakeController.ts as cce:/internal/x/cc.
22:12:53.849 debug: Resolve cc from file:///C:/Users/ADMIN/snakegame/assets/SnakeController.ts as cce:/internal/x/cc.
22:12:53.849 debug: Resolve cc from file:///C:/Users/ADMIN/snakegame/assets/SnakeController.ts as cce:/internal/x/cc.
22:12:53.905 debug: Target(preview) ends with cost 359.079000000027ms.
22:16:33.334 debug: Dispatch build request for time accumulated 1 asset changes.
22:16:33.343 debug: Build iteration starts.
Number of accumulated asset changes: 1
Feature changed: false
22:16:33.344 debug: Target(editor) build started.
22:16:33.349 debug: Detected change: cce:/internal/x/prerequisite-imports. Last mtime: Thu Jan 01 1970 05:35:55 GMT+0530 (India Standard Time), Current mtime: Thu Jan 01 1970 05:39:35 GMT+0530 (India Standard Time)
22:16:33.350 debug: Inspect cce:/internal/x/prerequisite-imports
22:16:33.393 debug: transform url: 'cce:/internal/x/prerequisite-imports' costs: 42.20 ms
22:16:33.400 debug: Resolve file:///C:/ProgramData/cocos/editors/Creator/3.8.7/resources/resources/3d/engine/editor/assets/default_renderpipeline/builtin-dof-pass.ts from cce:/internal/x/prerequisite-imports as file:///C:/ProgramData/cocos/editors/Creator/3.8.7/resources/resources/3d/engine/editor/assets/default_renderpipeline/builtin-dof-pass.ts.
22:16:33.418 debug: Resolve file:///C:/ProgramData/cocos/editors/Creator/3.8.7/resources/resources/3d/engine/editor/assets/default_renderpipeline/builtin-pipeline-pass.ts from cce:/internal/x/prerequisite-imports as file:///C:/ProgramData/cocos/editors/Creator/3.8.7/resources/resources/3d/engine/editor/assets/default_renderpipeline/builtin-pipeline-pass.ts.
22:16:33.421 debug: Resolve file:///C:/ProgramData/cocos/editors/Creator/3.8.7/resources/resources/3d/engine/editor/assets/default_renderpipeline/builtin-pipeline-settings.ts from cce:/internal/x/prerequisite-imports as file:///C:/ProgramData/cocos/editors/Creator/3.8.7/resources/resources/3d/engine/editor/assets/default_renderpipeline/builtin-pipeline-settings.ts.
22:16:33.423 debug: Resolve file:///C:/ProgramData/cocos/editors/Creator/3.8.7/resources/resources/3d/engine/editor/assets/default_renderpipeline/builtin-pipeline-types.ts from cce:/internal/x/prerequisite-imports as file:///C:/ProgramData/cocos/editors/Creator/3.8.7/resources/resources/3d/engine/editor/assets/default_renderpipeline/builtin-pipeline-types.ts.
22:16:33.425 debug: Resolve file:///C:/ProgramData/cocos/editors/Creator/3.8.7/resources/resources/3d/engine/editor/assets/default_renderpipeline/builtin-pipeline.ts from cce:/internal/x/prerequisite-imports as file:///C:/ProgramData/cocos/editors/Creator/3.8.7/resources/resources/3d/engine/editor/assets/default_renderpipeline/builtin-pipeline.ts.
22:16:33.427 debug: Resolve file:///C:/ProgramData/cocos/editors/Creator/3.8.7/resources/resources/3d/engine/editor/assets/tools/debug-view-runtime-control.ts from cce:/internal/x/prerequisite-imports as file:///C:/ProgramData/cocos/editors/Creator/3.8.7/resources/resources/3d/engine/editor/assets/tools/debug-view-runtime-control.ts.
22:16:33.429 debug: Resolve file:///C:/Users/ADMIN/snakegame/assets/SnakeController.ts from cce:/internal/x/prerequisite-imports as file:///C:/Users/ADMIN/snakegame/assets/SnakeController.ts.
22:16:33.429 debug: Detected change: file:///C:/Users/ADMIN/snakegame/assets/SnakeController.ts. Last mtime: Fri Sep 19 2025 22:12:50 GMT+0530 (India Standard Time)@21e9a525-4c66-474f-8c3f-816f09cd249b, Current mtime: Fri Sep 19 2025 22:16:21 GMT+0530 (India Standard Time)@21e9a525-4c66-474f-8c3f-816f09cd249b
22:16:33.429 debug: Inspect file:///C:/Users/ADMIN/snakegame/assets/SnakeController.ts
22:16:33.614 debug: transform url: 'file:///C:/Users/ADMIN/snakegame/assets/SnakeController.ts' costs: 184.80 ms
22:16:33.620 debug: Resolve file:///C:/Users/ADMIN/snakegame/assets/applecontroller.ts from cce:/internal/x/prerequisite-imports as file:///C:/Users/ADMIN/snakegame/assets/applecontroller.ts.
22:16:33.621 debug: Resolve cc from file:///C:/Users/ADMIN/snakegame/assets/SnakeController.ts as cce:/internal/x/cc.
22:16:33.621 debug: Resolve cc from file:///C:/Users/ADMIN/snakegame/assets/SnakeController.ts as cce:/internal/x/cc.
22:16:33.622 debug: Resolve cc from file:///C:/Users/ADMIN/snakegame/assets/SnakeController.ts as cce:/internal/x/cc.
22:16:33.664 debug: Target(editor) ends with cost 319.6978999999119ms.
22:16:33.664 debug: Target(preview) build started.
22:16:33.673 debug: Detected change: cce:/internal/x/prerequisite-imports. Last mtime: Thu Jan 01 1970 05:35:55 GMT+0530 (India Standard Time), Current mtime: Thu Jan 01 1970 05:39:35 GMT+0530 (India Standard Time)
22:16:33.674 debug: Inspect cce:/internal/x/prerequisite-imports
22:16:33.729 debug: transform url: 'cce:/internal/x/prerequisite-imports' costs: 55.30 ms
22:16:33.736 debug: Resolve file:///C:/ProgramData/cocos/editors/Creator/3.8.7/resources/resources/3d/engine/editor/assets/default_renderpipeline/builtin-dof-pass.ts from cce:/internal/x/prerequisite-imports as file:///C:/ProgramData/cocos/editors/Creator/3.8.7/resources/resources/3d/engine/editor/assets/default_renderpipeline/builtin-dof-pass.ts.
22:16:33.740 debug: Resolve file:///C:/ProgramData/cocos/editors/Creator/3.8.7/resources/resources/3d/engine/editor/assets/default_renderpipeline/builtin-pipeline-pass.ts from cce:/internal/x/prerequisite-imports as file:///C:/ProgramData/cocos/editors/Creator/3.8.7/resources/resources/3d/engine/editor/assets/default_renderpipeline/builtin-pipeline-pass.ts.
22:16:33.743 debug: Resolve file:///C:/ProgramData/cocos/editors/Creator/3.8.7/resources/resources/3d/engine/editor/assets/default_renderpipeline/builtin-pipeline-settings.ts from cce:/internal/x/prerequisite-imports as file:///C:/ProgramData/cocos/editors/Creator/3.8.7/resources/resources/3d/engine/editor/assets/default_renderpipeline/builtin-pipeline-settings.ts.
22:16:33.747 debug: Resolve file:///C:/ProgramData/cocos/editors/Creator/3.8.7/resources/resources/3d/engine/editor/assets/default_renderpipeline/builtin-pipeline-types.ts from cce:/internal/x/prerequisite-imports as file:///C:/ProgramData/cocos/editors/Creator/3.8.7/resources/resources/3d/engine/editor/assets/default_renderpipeline/builtin-pipeline-types.ts.
22:16:33.750 debug: Resolve file:///C:/ProgramData/cocos/editors/Creator/3.8.7/resources/resources/3d/engine/editor/assets/default_renderpipeline/builtin-pipeline.ts from cce:/internal/x/prerequisite-imports as file:///C:/ProgramData/cocos/editors/Creator/3.8.7/resources/resources/3d/engine/editor/assets/default_renderpipeline/builtin-pipeline.ts.
22:16:33.753 debug: Resolve file:///C:/ProgramData/cocos/editors/Creator/3.8.7/resources/resources/3d/engine/editor/assets/tools/debug-view-runtime-control.ts from cce:/internal/x/prerequisite-imports as file:///C:/ProgramData/cocos/editors/Creator/3.8.7/resources/resources/3d/engine/editor/assets/tools/debug-view-runtime-control.ts.
22:16:33.755 debug: Resolve file:///C:/Users/ADMIN/snakegame/assets/SnakeController.ts from cce:/internal/x/prerequisite-imports as file:///C:/Users/ADMIN/snakegame/assets/SnakeController.ts.
22:16:33.755 debug: Detected change: file:///C:/Users/ADMIN/snakegame/assets/SnakeController.ts. Last mtime: Fri Sep 19 2025 22:12:50 GMT+0530 (India Standard Time)@21e9a525-4c66-474f-8c3f-816f09cd249b, Current mtime: Fri Sep 19 2025 22:16:21 GMT+0530 (India Standard Time)@21e9a525-4c66-474f-8c3f-816f09cd249b
22:16:33.755 debug: Inspect file:///C:/Users/ADMIN/snakegame/assets/SnakeController.ts
22:16:33.927 debug: transform url: 'file:///C:/Users/ADMIN/snakegame/assets/SnakeController.ts' costs: 171.40 ms
22:16:33.930 debug: Resolve file:///C:/Users/ADMIN/snakegame/assets/applecontroller.ts from cce:/internal/x/prerequisite-imports as file:///C:/Users/ADMIN/snakegame/assets/applecontroller.ts.
22:16:33.931 debug: Resolve cc from file:///C:/Users/ADMIN/snakegame/assets/SnakeController.ts as cce:/internal/x/cc.
22:16:33.932 debug: Resolve cc from file:///C:/Users/ADMIN/snakegame/assets/SnakeController.ts as cce:/internal/x/cc.
22:16:33.932 debug: Resolve cc from file:///C:/Users/ADMIN/snakegame/assets/SnakeController.ts as cce:/internal/x/cc.
22:16:33.964 debug: Target(preview) ends with cost 299.6509000000078ms.
22:26:54.338 debug: Dispatch build request for time accumulated 1 asset changes.
22:26:54.375 debug: Build iteration starts.
Number of accumulated asset changes: 1
Feature changed: false
22:26:54.379 debug: Target(editor) build started.
22:26:54.401 debug: Detected change: cce:/internal/x/prerequisite-imports. Last mtime: Thu Jan 01 1970 05:39:35 GMT+0530 (India Standard Time), Current mtime: Thu Jan 01 1970 05:49:56 GMT+0530 (India Standard Time)
22:26:54.401 debug: Inspect cce:/internal/x/prerequisite-imports
22:26:54.522 debug: transform url: 'cce:/internal/x/prerequisite-imports' costs: 120.50 ms
22:26:54.528 debug: Resolve file:///C:/ProgramData/cocos/editors/Creator/3.8.7/resources/resources/3d/engine/editor/assets/default_renderpipeline/builtin-dof-pass.ts from cce:/internal/x/prerequisite-imports as file:///C:/ProgramData/cocos/editors/Creator/3.8.7/resources/resources/3d/engine/editor/assets/default_renderpipeline/builtin-dof-pass.ts.
22:26:54.531 debug: Resolve file:///C:/ProgramData/cocos/editors/Creator/3.8.7/resources/resources/3d/engine/editor/assets/default_renderpipeline/builtin-pipeline-pass.ts from cce:/internal/x/prerequisite-imports as file:///C:/ProgramData/cocos/editors/Creator/3.8.7/resources/resources/3d/engine/editor/assets/default_renderpipeline/builtin-pipeline-pass.ts.
22:26:54.533 debug: Resolve file:///C:/ProgramData/cocos/editors/Creator/3.8.7/resources/resources/3d/engine/editor/assets/default_renderpipeline/builtin-pipeline-settings.ts from cce:/internal/x/prerequisite-imports as file:///C:/ProgramData/cocos/editors/Creator/3.8.7/resources/resources/3d/engine/editor/assets/default_renderpipeline/builtin-pipeline-settings.ts.
22:26:54.536 debug: Resolve file:///C:/ProgramData/cocos/editors/Creator/3.8.7/resources/resources/3d/engine/editor/assets/default_renderpipeline/builtin-pipeline-types.ts from cce:/internal/x/prerequisite-imports as file:///C:/ProgramData/cocos/editors/Creator/3.8.7/resources/resources/3d/engine/editor/assets/default_renderpipeline/builtin-pipeline-types.ts.
22:26:54.540 debug: Resolve file:///C:/ProgramData/cocos/editors/Creator/3.8.7/resources/resources/3d/engine/editor/assets/default_renderpipeline/builtin-pipeline.ts from cce:/internal/x/prerequisite-imports as file:///C:/ProgramData/cocos/editors/Creator/3.8.7/resources/resources/3d/engine/editor/assets/default_renderpipeline/builtin-pipeline.ts.
22:26:54.543 debug: Resolve file:///C:/ProgramData/cocos/editors/Creator/3.8.7/resources/resources/3d/engine/editor/assets/tools/debug-view-runtime-control.ts from cce:/internal/x/prerequisite-imports as file:///C:/ProgramData/cocos/editors/Creator/3.8.7/resources/resources/3d/engine/editor/assets/tools/debug-view-runtime-control.ts.
22:26:54.545 debug: Resolve file:///C:/Users/ADMIN/snakegame/assets/SnakeController.ts from cce:/internal/x/prerequisite-imports as file:///C:/Users/ADMIN/snakegame/assets/SnakeController.ts.
22:26:54.545 debug: Detected change: file:///C:/Users/ADMIN/snakegame/assets/SnakeController.ts. Last mtime: Fri Sep 19 2025 22:16:21 GMT+0530 (India Standard Time)@21e9a525-4c66-474f-8c3f-816f09cd249b, Current mtime: Fri Sep 19 2025 22:26:51 GMT+0530 (India Standard Time)@21e9a525-4c66-474f-8c3f-816f09cd249b
22:26:54.545 debug: Inspect file:///C:/Users/ADMIN/snakegame/assets/SnakeController.ts
22:26:54.883 debug: transform url: 'file:///C:/Users/ADMIN/snakegame/assets/SnakeController.ts' costs: 337.30 ms
22:26:54.888 debug: Resolve file:///C:/Users/ADMIN/snakegame/assets/applecontroller.ts from cce:/internal/x/prerequisite-imports as file:///C:/Users/ADMIN/snakegame/assets/applecontroller.ts.
22:26:54.891 debug: Resolve cc from file:///C:/Users/ADMIN/snakegame/assets/SnakeController.ts as cce:/internal/x/cc.
22:26:54.891 debug: Resolve cc from file:///C:/Users/ADMIN/snakegame/assets/SnakeController.ts as cce:/internal/x/cc.
22:26:54.892 debug: Resolve cc from file:///C:/Users/ADMIN/snakegame/assets/SnakeController.ts as cce:/internal/x/cc.
22:26:54.942 debug: Target(editor) ends with cost 561.7160000000149ms.
22:26:54.943 debug: Target(preview) build started.
22:26:54.950 debug: Detected change: cce:/internal/x/prerequisite-imports. Last mtime: Thu Jan 01 1970 05:39:35 GMT+0530 (India Standard Time), Current mtime: Thu Jan 01 1970 05:49:56 GMT+0530 (India Standard Time)
22:26:54.950 debug: Inspect cce:/internal/x/prerequisite-imports
22:26:55.003 debug: transform url: 'cce:/internal/x/prerequisite-imports' costs: 52.60 ms
22:26:55.011 debug: Resolve file:///C:/ProgramData/cocos/editors/Creator/3.8.7/resources/resources/3d/engine/editor/assets/default_renderpipeline/builtin-dof-pass.ts from cce:/internal/x/prerequisite-imports as file:///C:/ProgramData/cocos/editors/Creator/3.8.7/resources/resources/3d/engine/editor/assets/default_renderpipeline/builtin-dof-pass.ts.
22:26:55.013 debug: Resolve file:///C:/ProgramData/cocos/editors/Creator/3.8.7/resources/resources/3d/engine/editor/assets/default_renderpipeline/builtin-pipeline-pass.ts from cce:/internal/x/prerequisite-imports as file:///C:/ProgramData/cocos/editors/Creator/3.8.7/resources/resources/3d/engine/editor/assets/default_renderpipeline/builtin-pipeline-pass.ts.
22:26:55.016 debug: Resolve file:///C:/ProgramData/cocos/editors/Creator/3.8.7/resources/resources/3d/engine/editor/assets/default_renderpipeline/builtin-pipeline-settings.ts from cce:/internal/x/prerequisite-imports as file:///C:/ProgramData/cocos/editors/Creator/3.8.7/resources/resources/3d/engine/editor/assets/default_renderpipeline/builtin-pipeline-settings.ts.
22:26:55.019 debug: Resolve file:///C:/ProgramData/cocos/editors/Creator/3.8.7/resources/resources/3d/engine/editor/assets/default_renderpipeline/builtin-pipeline-types.ts from cce:/internal/x/prerequisite-imports as file:///C:/ProgramData/cocos/editors/Creator/3.8.7/resources/resources/3d/engine/editor/assets/default_renderpipeline/builtin-pipeline-types.ts.
22:26:55.022 debug: Resolve file:///C:/ProgramData/cocos/editors/Creator/3.8.7/resources/resources/3d/engine/editor/assets/default_renderpipeline/builtin-pipeline.ts from cce:/internal/x/prerequisite-imports as file:///C:/ProgramData/cocos/editors/Creator/3.8.7/resources/resources/3d/engine/editor/assets/default_renderpipeline/builtin-pipeline.ts.
22:26:55.023 debug: Resolve file:///C:/ProgramData/cocos/editors/Creator/3.8.7/resources/resources/3d/engine/editor/assets/tools/debug-view-runtime-control.ts from cce:/internal/x/prerequisite-imports as file:///C:/ProgramData/cocos/editors/Creator/3.8.7/resources/resources/3d/engine/editor/assets/tools/debug-view-runtime-control.ts.
22:26:55.024 debug: Resolve file:///C:/Users/ADMIN/snakegame/assets/SnakeController.ts from cce:/internal/x/prerequisite-imports as file:///C:/Users/ADMIN/snakegame/assets/SnakeController.ts.
22:26:55.024 debug: Detected change: file:///C:/Users/ADMIN/snakegame/assets/SnakeController.ts. Last mtime: Fri Sep 19 2025 22:16:21 GMT+0530 (India Standard Time)@21e9a525-4c66-474f-8c3f-816f09cd249b, Current mtime: Fri Sep 19 2025 22:26:51 GMT+0530 (India Standard Time)@21e9a525-4c66-474f-8c3f-816f09cd249b
22:26:55.024 debug: Inspect file:///C:/Users/ADMIN/snakegame/assets/SnakeController.ts
22:26:55.265 debug: transform url: 'file:///C:/Users/ADMIN/snakegame/assets/SnakeController.ts' costs: 240.50 ms
22:26:55.272 debug: Resolve file:///C:/Users/ADMIN/snakegame/assets/applecontroller.ts from cce:/internal/x/prerequisite-imports as file:///C:/Users/ADMIN/snakegame/assets/applecontroller.ts.
22:26:55.274 debug: Resolve cc from file:///C:/Users/ADMIN/snakegame/assets/SnakeController.ts as cce:/internal/x/cc.
22:26:55.274 debug: Resolve cc from file:///C:/Users/ADMIN/snakegame/assets/SnakeController.ts as cce:/internal/x/cc.
22:26:55.274 debug: Resolve cc from file:///C:/Users/ADMIN/snakegame/assets/SnakeController.ts as cce:/internal/x/cc.
22:26:55.377 debug: Target(preview) ends with cost 434.2621999999974ms.
22:28:48.176 debug: Dispatch build request for time accumulated 1 asset changes.
22:28:48.190 debug: Build iteration starts.
Number of accumulated asset changes: 1
Feature changed: false
22:28:48.190 debug: Target(editor) build started.
22:28:48.200 debug: Detected change: cce:/internal/x/prerequisite-imports. Last mtime: Thu Jan 01 1970 05:49:56 GMT+0530 (India Standard Time), Current mtime: Thu Jan 01 1970 05:51:50 GMT+0530 (India Standard Time)
22:28:48.200 debug: Inspect cce:/internal/x/prerequisite-imports
22:28:48.241 debug: transform url: 'cce:/internal/x/prerequisite-imports' costs: 40.60 ms
22:28:48.250 debug: Resolve file:///C:/ProgramData/cocos/editors/Creator/3.8.7/resources/resources/3d/engine/editor/assets/default_renderpipeline/builtin-dof-pass.ts from cce:/internal/x/prerequisite-imports as file:///C:/ProgramData/cocos/editors/Creator/3.8.7/resources/resources/3d/engine/editor/assets/default_renderpipeline/builtin-dof-pass.ts.
22:28:48.253 debug: Resolve file:///C:/ProgramData/cocos/editors/Creator/3.8.7/resources/resources/3d/engine/editor/assets/default_renderpipeline/builtin-pipeline-pass.ts from cce:/internal/x/prerequisite-imports as file:///C:/ProgramData/cocos/editors/Creator/3.8.7/resources/resources/3d/engine/editor/assets/default_renderpipeline/builtin-pipeline-pass.ts.
22:28:48.256 debug: Resolve file:///C:/ProgramData/cocos/editors/Creator/3.8.7/resources/resources/3d/engine/editor/assets/default_renderpipeline/builtin-pipeline-settings.ts from cce:/internal/x/prerequisite-imports as file:///C:/ProgramData/cocos/editors/Creator/3.8.7/resources/resources/3d/engine/editor/assets/default_renderpipeline/builtin-pipeline-settings.ts.
22:28:48.258 debug: Resolve file:///C:/ProgramData/cocos/editors/Creator/3.8.7/resources/resources/3d/engine/editor/assets/default_renderpipeline/builtin-pipeline-types.ts from cce:/internal/x/prerequisite-imports as file:///C:/ProgramData/cocos/editors/Creator/3.8.7/resources/resources/3d/engine/editor/assets/default_renderpipeline/builtin-pipeline-types.ts.
22:28:48.260 debug: Resolve file:///C:/ProgramData/cocos/editors/Creator/3.8.7/resources/resources/3d/engine/editor/assets/default_renderpipeline/builtin-pipeline.ts from cce:/internal/x/prerequisite-imports as file:///C:/ProgramData/cocos/editors/Creator/3.8.7/resources/resources/3d/engine/editor/assets/default_renderpipeline/builtin-pipeline.ts.
22:28:48.262 debug: Resolve file:///C:/ProgramData/cocos/editors/Creator/3.8.7/resources/resources/3d/engine/editor/assets/tools/debug-view-runtime-control.ts from cce:/internal/x/prerequisite-imports as file:///C:/ProgramData/cocos/editors/Creator/3.8.7/resources/resources/3d/engine/editor/assets/tools/debug-view-runtime-control.ts.
22:28:48.263 debug: Resolve file:///C:/Users/ADMIN/snakegame/assets/SnakeController.ts from cce:/internal/x/prerequisite-imports as file:///C:/Users/ADMIN/snakegame/assets/SnakeController.ts.
22:28:48.263 debug: Detected change: file:///C:/Users/ADMIN/snakegame/assets/SnakeController.ts. Last mtime: Fri Sep 19 2025 22:26:51 GMT+0530 (India Standard Time)@21e9a525-4c66-474f-8c3f-816f09cd249b, Current mtime: Fri Sep 19 2025 22:28:45 GMT+0530 (India Standard Time)@21e9a525-4c66-474f-8c3f-816f09cd249b
22:28:48.263 debug: Inspect file:///C:/Users/ADMIN/snakegame/assets/SnakeController.ts
22:28:48.488 debug: transform url: 'file:///C:/Users/ADMIN/snakegame/assets/SnakeController.ts' costs: 224.10 ms
22:28:48.495 debug: Resolve file:///C:/Users/ADMIN/snakegame/assets/applecontroller.ts from cce:/internal/x/prerequisite-imports as file:///C:/Users/ADMIN/snakegame/assets/applecontroller.ts.
22:28:48.498 debug: Resolve cc from file:///C:/Users/ADMIN/snakegame/assets/SnakeController.ts as cce:/internal/x/cc.
22:28:48.498 debug: Resolve cc from file:///C:/Users/ADMIN/snakegame/assets/SnakeController.ts as cce:/internal/x/cc.
22:28:48.498 debug: Resolve cc from file:///C:/Users/ADMIN/snakegame/assets/SnakeController.ts as cce:/internal/x/cc.
22:28:48.541 debug: Target(editor) ends with cost 350.1107000000775ms.
22:28:48.542 debug: Target(preview) build started.
22:28:48.556 debug: Detected change: cce:/internal/x/prerequisite-imports. Last mtime: Thu Jan 01 1970 05:49:56 GMT+0530 (India Standard Time), Current mtime: Thu Jan 01 1970 05:51:50 GMT+0530 (India Standard Time)
22:28:48.556 debug: Inspect cce:/internal/x/prerequisite-imports
22:28:48.634 debug: transform url: 'cce:/internal/x/prerequisite-imports' costs: 77.50 ms
22:28:48.641 debug: Resolve file:///C:/ProgramData/cocos/editors/Creator/3.8.7/resources/resources/3d/engine/editor/assets/default_renderpipeline/builtin-dof-pass.ts from cce:/internal/x/prerequisite-imports as file:///C:/ProgramData/cocos/editors/Creator/3.8.7/resources/resources/3d/engine/editor/assets/default_renderpipeline/builtin-dof-pass.ts.
22:28:48.644 debug: Resolve file:///C:/ProgramData/cocos/editors/Creator/3.8.7/resources/resources/3d/engine/editor/assets/default_renderpipeline/builtin-pipeline-pass.ts from cce:/internal/x/prerequisite-imports as file:///C:/ProgramData/cocos/editors/Creator/3.8.7/resources/resources/3d/engine/editor/assets/default_renderpipeline/builtin-pipeline-pass.ts.
22:28:48.648 debug: Resolve file:///C:/ProgramData/cocos/editors/Creator/3.8.7/resources/resources/3d/engine/editor/assets/default_renderpipeline/builtin-pipeline-settings.ts from cce:/internal/x/prerequisite-imports as file:///C:/ProgramData/cocos/editors/Creator/3.8.7/resources/resources/3d/engine/editor/assets/default_renderpipeline/builtin-pipeline-settings.ts.
22:28:48.650 debug: Resolve file:///C:/ProgramData/cocos/editors/Creator/3.8.7/resources/resources/3d/engine/editor/assets/default_renderpipeline/builtin-pipeline-types.ts from cce:/internal/x/prerequisite-imports as file:///C:/ProgramData/cocos/editors/Creator/3.8.7/resources/resources/3d/engine/editor/assets/default_renderpipeline/builtin-pipeline-types.ts.
22:28:48.653 debug: Resolve file:///C:/ProgramData/cocos/editors/Creator/3.8.7/resources/resources/3d/engine/editor/assets/default_renderpipeline/builtin-pipeline.ts from cce:/internal/x/prerequisite-imports as file:///C:/ProgramData/cocos/editors/Creator/3.8.7/resources/resources/3d/engine/editor/assets/default_renderpipeline/builtin-pipeline.ts.
22:28:48.654 debug: Resolve file:///C:/ProgramData/cocos/editors/Creator/3.8.7/resources/resources/3d/engine/editor/assets/tools/debug-view-runtime-control.ts from cce:/internal/x/prerequisite-imports as file:///C:/ProgramData/cocos/editors/Creator/3.8.7/resources/resources/3d/engine/editor/assets/tools/debug-view-runtime-control.ts.
22:28:48.656 debug: Resolve file:///C:/Users/ADMIN/snakegame/assets/SnakeController.ts from cce:/internal/x/prerequisite-imports as file:///C:/Users/ADMIN/snakegame/assets/SnakeController.ts.
22:28:48.656 debug: Detected change: file:///C:/Users/ADMIN/snakegame/assets/SnakeController.ts. Last mtime: Fri Sep 19 2025 22:26:51 GMT+0530 (India Standard Time)@21e9a525-4c66-474f-8c3f-816f09cd249b, Current mtime: Fri Sep 19 2025 22:28:45 GMT+0530 (India Standard Time)@21e9a525-4c66-474f-8c3f-816f09cd249b
22:28:48.657 debug: Inspect file:///C:/Users/ADMIN/snakegame/assets/SnakeController.ts
22:28:49.265 debug: transform url: 'file:///C:/Users/ADMIN/snakegame/assets/SnakeController.ts' costs: 608.50 ms
22:28:49.273 debug: Resolve file:///C:/Users/ADMIN/snakegame/assets/applecontroller.ts from cce:/internal/x/prerequisite-imports as file:///C:/Users/ADMIN/snakegame/assets/applecontroller.ts.
22:28:49.275 debug: Resolve cc from file:///C:/Users/ADMIN/snakegame/assets/SnakeController.ts as cce:/internal/x/cc.
22:28:49.275 debug: Resolve cc from file:///C:/Users/ADMIN/snakegame/assets/SnakeController.ts as cce:/internal/x/cc.
22:28:49.276 debug: Resolve cc from file:///C:/Users/ADMIN/snakegame/assets/SnakeController.ts as cce:/internal/x/cc.
22:28:49.392 debug: Target(preview) ends with cost 849.7631000000983ms.
22:47:26.191 debug: Dispatch build request for time accumulated 1 asset changes.
22:47:26.368 debug: Build iteration starts.
Number of accumulated asset changes: 1
Feature changed: false
22:47:26.391 debug: Target(editor) build started.
22:47:26.407 debug: Dispatch build request for time accumulated 1 asset changes.
22:47:26.442 debug: Detected change: cce:/internal/x/prerequisite-imports. Last mtime: Thu Jan 01 1970 05:51:50 GMT+0530 (India Standard Time), Current mtime: Thu Jan 01 1970 06:10:28 GMT+0530 (India Standard Time)
22:47:26.442 debug: Inspect cce:/internal/x/prerequisite-imports
22:47:26.785 debug: transform url: 'cce:/internal/x/prerequisite-imports' costs: 341.90 ms
22:47:26.797 debug: Resolve file:///C:/ProgramData/cocos/editors/Creator/3.8.7/resources/resources/3d/engine/editor/assets/default_renderpipeline/builtin-dof-pass.ts from cce:/internal/x/prerequisite-imports as file:///C:/ProgramData/cocos/editors/Creator/3.8.7/resources/resources/3d/engine/editor/assets/default_renderpipeline/builtin-dof-pass.ts.
22:47:26.801 debug: Resolve file:///C:/ProgramData/cocos/editors/Creator/3.8.7/resources/resources/3d/engine/editor/assets/default_renderpipeline/builtin-pipeline-pass.ts from cce:/internal/x/prerequisite-imports as file:///C:/ProgramData/cocos/editors/Creator/3.8.7/resources/resources/3d/engine/editor/assets/default_renderpipeline/builtin-pipeline-pass.ts.
22:47:26.804 debug: Resolve file:///C:/ProgramData/cocos/editors/Creator/3.8.7/resources/resources/3d/engine/editor/assets/default_renderpipeline/builtin-pipeline-settings.ts from cce:/internal/x/prerequisite-imports as file:///C:/ProgramData/cocos/editors/Creator/3.8.7/resources/resources/3d/engine/editor/assets/default_renderpipeline/builtin-pipeline-settings.ts.
22:47:26.807 debug: Resolve file:///C:/ProgramData/cocos/editors/Creator/3.8.7/resources/resources/3d/engine/editor/assets/default_renderpipeline/builtin-pipeline-types.ts from cce:/internal/x/prerequisite-imports as file:///C:/ProgramData/cocos/editors/Creator/3.8.7/resources/resources/3d/engine/editor/assets/default_renderpipeline/builtin-pipeline-types.ts.
22:47:26.828 debug: Resolve file:///C:/ProgramData/cocos/editors/Creator/3.8.7/resources/resources/3d/engine/editor/assets/default_renderpipeline/builtin-pipeline.ts from cce:/internal/x/prerequisite-imports as file:///C:/ProgramData/cocos/editors/Creator/3.8.7/resources/resources/3d/engine/editor/assets/default_renderpipeline/builtin-pipeline.ts.
22:47:26.833 debug: Resolve file:///C:/ProgramData/cocos/editors/Creator/3.8.7/resources/resources/3d/engine/editor/assets/tools/debug-view-runtime-control.ts from cce:/internal/x/prerequisite-imports as file:///C:/ProgramData/cocos/editors/Creator/3.8.7/resources/resources/3d/engine/editor/assets/tools/debug-view-runtime-control.ts.
22:47:26.835 debug: Resolve file:///C:/Users/ADMIN/snakegame/assets/SnakeController.ts from cce:/internal/x/prerequisite-imports as file:///C:/Users/ADMIN/snakegame/assets/SnakeController.ts.
22:47:26.836 debug: Detected change: file:///C:/Users/ADMIN/snakegame/assets/SnakeController.ts. Last mtime: Fri Sep 19 2025 22:28:45 GMT+0530 (India Standard Time)@21e9a525-4c66-474f-8c3f-816f09cd249b, Current mtime: Fri Sep 19 2025 22:46:43 GMT+0530 (India Standard Time)@21e9a525-4c66-474f-8c3f-816f09cd249b
22:47:26.836 debug: Inspect file:///C:/Users/ADMIN/snakegame/assets/SnakeController.ts
22:47:27.186 debug: transform url: 'file:///C:/Users/ADMIN/snakegame/assets/SnakeController.ts' costs: 349.50 ms
22:47:27.192 debug: Resolve file:///C:/Users/ADMIN/snakegame/assets/applecontroller.ts from cce:/internal/x/prerequisite-imports as file:///C:/Users/ADMIN/snakegame/assets/applecontroller.ts.
22:47:27.192 debug: Detected change: file:///C:/Users/ADMIN/snakegame/assets/applecontroller.ts. Last mtime: Thu Sep 18 2025 21:14:02 GMT+0530 (India Standard Time)@597ec9b2-4dcb-43ab-891c-a6bda0c71343, Current mtime: Fri Sep 19 2025 22:47:05 GMT+0530 (India Standard Time)@597ec9b2-4dcb-43ab-891c-a6bda0c71343
22:47:27.192 debug: Inspect file:///C:/Users/ADMIN/snakegame/assets/applecontroller.ts
22:47:27.298 debug: transform url: 'file:///C:/Users/ADMIN/snakegame/assets/applecontroller.ts' costs: 105.90 ms
22:47:27.303 debug: Resolve cc from file:///C:/Users/ADMIN/snakegame/assets/SnakeController.ts as cce:/internal/x/cc.
22:47:27.303 debug: Resolve cc from file:///C:/Users/ADMIN/snakegame/assets/SnakeController.ts as cce:/internal/x/cc.
22:47:27.304 debug: Resolve cc from file:///C:/Users/ADMIN/snakegame/assets/SnakeController.ts as cce:/internal/x/cc.
22:47:27.304 debug: Resolve cc from file:///C:/Users/ADMIN/snakegame/assets/applecontroller.ts as cce:/internal/x/cc.
22:47:27.304 debug: Resolve cc from file:///C:/Users/ADMIN/snakegame/assets/applecontroller.ts as cce:/internal/x/cc.
22:47:27.304 debug: Resolve cc from file:///C:/Users/ADMIN/snakegame/assets/applecontroller.ts as cce:/internal/x/cc.
22:47:27.350 debug: Target(editor) ends with cost 958.8032999997959ms.
22:47:27.351 debug: Target(preview) build started.
22:47:27.358 debug: Detected change: cce:/internal/x/prerequisite-imports. Last mtime: Thu Jan 01 1970 05:51:50 GMT+0530 (India Standard Time), Current mtime: Thu Jan 01 1970 06:10:29 GMT+0530 (India Standard Time)
22:47:27.359 debug: Inspect cce:/internal/x/prerequisite-imports
22:47:27.419 debug: transform url: 'cce:/internal/x/prerequisite-imports' costs: 60.50 ms
22:47:27.424 debug: Resolve file:///C:/ProgramData/cocos/editors/Creator/3.8.7/resources/resources/3d/engine/editor/assets/default_renderpipeline/builtin-dof-pass.ts from cce:/internal/x/prerequisite-imports as file:///C:/ProgramData/cocos/editors/Creator/3.8.7/resources/resources/3d/engine/editor/assets/default_renderpipeline/builtin-dof-pass.ts.
22:47:27.425 debug: Resolve file:///C:/ProgramData/cocos/editors/Creator/3.8.7/resources/resources/3d/engine/editor/assets/default_renderpipeline/builtin-pipeline-pass.ts from cce:/internal/x/prerequisite-imports as file:///C:/ProgramData/cocos/editors/Creator/3.8.7/resources/resources/3d/engine/editor/assets/default_renderpipeline/builtin-pipeline-pass.ts.
22:47:27.428 debug: Resolve file:///C:/ProgramData/cocos/editors/Creator/3.8.7/resources/resources/3d/engine/editor/assets/default_renderpipeline/builtin-pipeline-settings.ts from cce:/internal/x/prerequisite-imports as file:///C:/ProgramData/cocos/editors/Creator/3.8.7/resources/resources/3d/engine/editor/assets/default_renderpipeline/builtin-pipeline-settings.ts.
22:47:27.429 debug: Resolve file:///C:/ProgramData/cocos/editors/Creator/3.8.7/resources/resources/3d/engine/editor/assets/default_renderpipeline/builtin-pipeline-types.ts from cce:/internal/x/prerequisite-imports as file:///C:/ProgramData/cocos/editors/Creator/3.8.7/resources/resources/3d/engine/editor/assets/default_renderpipeline/builtin-pipeline-types.ts.
22:47:27.431 debug: Resolve file:///C:/ProgramData/cocos/editors/Creator/3.8.7/resources/resources/3d/engine/editor/assets/default_renderpipeline/builtin-pipeline.ts from cce:/internal/x/prerequisite-imports as file:///C:/ProgramData/cocos/editors/Creator/3.8.7/resources/resources/3d/engine/editor/assets/default_renderpipeline/builtin-pipeline.ts.
22:47:27.432 debug: Resolve file:///C:/ProgramData/cocos/editors/Creator/3.8.7/resources/resources/3d/engine/editor/assets/tools/debug-view-runtime-control.ts from cce:/internal/x/prerequisite-imports as file:///C:/ProgramData/cocos/editors/Creator/3.8.7/resources/resources/3d/engine/editor/assets/tools/debug-view-runtime-control.ts.
22:47:27.434 debug: Resolve file:///C:/Users/ADMIN/snakegame/assets/SnakeController.ts from cce:/internal/x/prerequisite-imports as file:///C:/Users/ADMIN/snakegame/assets/SnakeController.ts.
22:47:27.435 debug: Detected change: file:///C:/Users/ADMIN/snakegame/assets/SnakeController.ts. Last mtime: Fri Sep 19 2025 22:28:45 GMT+0530 (India Standard Time)@21e9a525-4c66-474f-8c3f-816f09cd249b, Current mtime: Fri Sep 19 2025 22:46:43 GMT+0530 (India Standard Time)@21e9a525-4c66-474f-8c3f-816f09cd249b
22:47:27.436 debug: Inspect file:///C:/Users/ADMIN/snakegame/assets/SnakeController.ts
22:47:27.619 debug: transform url: 'file:///C:/Users/ADMIN/snakegame/assets/SnakeController.ts' costs: 182.60 ms
22:47:27.629 debug: Resolve file:///C:/Users/ADMIN/snakegame/assets/applecontroller.ts from cce:/internal/x/prerequisite-imports as file:///C:/Users/ADMIN/snakegame/assets/applecontroller.ts.
22:47:27.630 debug: Detected change: file:///C:/Users/ADMIN/snakegame/assets/applecontroller.ts. Last mtime: Thu Sep 18 2025 21:14:02 GMT+0530 (India Standard Time)@597ec9b2-4dcb-43ab-891c-a6bda0c71343, Current mtime: Fri Sep 19 2025 22:47:05 GMT+0530 (India Standard Time)@597ec9b2-4dcb-43ab-891c-a6bda0c71343
22:47:27.630 debug: Inspect file:///C:/Users/ADMIN/snakegame/assets/applecontroller.ts
22:47:27.723 debug: transform url: 'file:///C:/Users/ADMIN/snakegame/assets/applecontroller.ts' costs: 93.00 ms
22:47:27.728 debug: Resolve cc from file:///C:/Users/ADMIN/snakegame/assets/SnakeController.ts as cce:/internal/x/cc.
22:47:27.729 debug: Resolve cc from file:///C:/Users/ADMIN/snakegame/assets/SnakeController.ts as cce:/internal/x/cc.
22:47:27.729 debug: Resolve cc from file:///C:/Users/ADMIN/snakegame/assets/SnakeController.ts as cce:/internal/x/cc.
22:47:27.729 debug: Resolve cc from file:///C:/Users/ADMIN/snakegame/assets/applecontroller.ts as cce:/internal/x/cc.
22:47:27.729 debug: Resolve cc from file:///C:/Users/ADMIN/snakegame/assets/applecontroller.ts as cce:/internal/x/cc.
22:47:27.730 debug: Resolve cc from file:///C:/Users/ADMIN/snakegame/assets/applecontroller.ts as cce:/internal/x/cc.
22:47:27.776 debug: Target(preview) ends with cost 425.07400000002235ms.
22:47:27.783 debug: Build iteration starts.
Number of accumulated asset changes: 1
Feature changed: false
22:47:27.784 debug: Target(editor) build started.
22:47:27.792 debug: Detected change: cce:/internal/x/prerequisite-imports. Last mtime: Thu Jan 01 1970 06:10:28 GMT+0530 (India Standard Time), Current mtime: Thu Jan 01 1970 06:10:29 GMT+0530 (India Standard Time)
22:47:27.792 debug: Inspect cce:/internal/x/prerequisite-imports
22:47:27.837 debug: transform url: 'cce:/internal/x/prerequisite-imports' costs: 44.70 ms
22:47:27.842 debug: Resolve file:///C:/ProgramData/cocos/editors/Creator/3.8.7/resources/resources/3d/engine/editor/assets/default_renderpipeline/builtin-dof-pass.ts from cce:/internal/x/prerequisite-imports as file:///C:/ProgramData/cocos/editors/Creator/3.8.7/resources/resources/3d/engine/editor/assets/default_renderpipeline/builtin-dof-pass.ts.
22:47:27.845 debug: Resolve file:///C:/ProgramData/cocos/editors/Creator/3.8.7/resources/resources/3d/engine/editor/assets/default_renderpipeline/builtin-pipeline-pass.ts from cce:/internal/x/prerequisite-imports as file:///C:/ProgramData/cocos/editors/Creator/3.8.7/resources/resources/3d/engine/editor/assets/default_renderpipeline/builtin-pipeline-pass.ts.
22:47:27.847 debug: Resolve file:///C:/ProgramData/cocos/editors/Creator/3.8.7/resources/resources/3d/engine/editor/assets/default_renderpipeline/builtin-pipeline-settings.ts from cce:/internal/x/prerequisite-imports as file:///C:/ProgramData/cocos/editors/Creator/3.8.7/resources/resources/3d/engine/editor/assets/default_renderpipeline/builtin-pipeline-settings.ts.
22:47:27.850 debug: Resolve file:///C:/ProgramData/cocos/editors/Creator/3.8.7/resources/resources/3d/engine/editor/assets/default_renderpipeline/builtin-pipeline-types.ts from cce:/internal/x/prerequisite-imports as file:///C:/ProgramData/cocos/editors/Creator/3.8.7/resources/resources/3d/engine/editor/assets/default_renderpipeline/builtin-pipeline-types.ts.
22:47:27.852 debug: Resolve file:///C:/ProgramData/cocos/editors/Creator/3.8.7/resources/resources/3d/engine/editor/assets/default_renderpipeline/builtin-pipeline.ts from cce:/internal/x/prerequisite-imports as file:///C:/ProgramData/cocos/editors/Creator/3.8.7/resources/resources/3d/engine/editor/assets/default_renderpipeline/builtin-pipeline.ts.
22:47:27.854 debug: Resolve file:///C:/ProgramData/cocos/editors/Creator/3.8.7/resources/resources/3d/engine/editor/assets/tools/debug-view-runtime-control.ts from cce:/internal/x/prerequisite-imports as file:///C:/ProgramData/cocos/editors/Creator/3.8.7/resources/resources/3d/engine/editor/assets/tools/debug-view-runtime-control.ts.
22:47:27.856 debug: Resolve file:///C:/Users/ADMIN/snakegame/assets/SnakeController.ts from cce:/internal/x/prerequisite-imports as file:///C:/Users/ADMIN/snakegame/assets/SnakeController.ts.
22:47:27.857 debug: Resolve file:///C:/Users/ADMIN/snakegame/assets/applecontroller.ts from cce:/internal/x/prerequisite-imports as file:///C:/Users/ADMIN/snakegame/assets/applecontroller.ts.
22:47:27.898 debug: Target(editor) ends with cost 113.58889999985695ms.
22:47:27.898 debug: Target(preview) build started.
22:47:27.905 debug: Detected change: cce:/internal/x/prerequisite-imports. Last mtime: Thu Jan 01 1970 06:10:29 GMT+0530 (India Standard Time), Current mtime: Thu Jan 01 1970 06:10:29 GMT+0530 (India Standard Time)
22:47:27.906 debug: Inspect cce:/internal/x/prerequisite-imports
22:47:27.953 debug: transform url: 'cce:/internal/x/prerequisite-imports' costs: 47.50 ms
22:47:27.958 debug: Resolve file:///C:/ProgramData/cocos/editors/Creator/3.8.7/resources/resources/3d/engine/editor/assets/default_renderpipeline/builtin-dof-pass.ts from cce:/internal/x/prerequisite-imports as file:///C:/ProgramData/cocos/editors/Creator/3.8.7/resources/resources/3d/engine/editor/assets/default_renderpipeline/builtin-dof-pass.ts.
22:47:27.960 debug: Resolve file:///C:/ProgramData/cocos/editors/Creator/3.8.7/resources/resources/3d/engine/editor/assets/default_renderpipeline/builtin-pipeline-pass.ts from cce:/internal/x/prerequisite-imports as file:///C:/ProgramData/cocos/editors/Creator/3.8.7/resources/resources/3d/engine/editor/assets/default_renderpipeline/builtin-pipeline-pass.ts.
22:47:27.962 debug: Resolve file:///C:/ProgramData/cocos/editors/Creator/3.8.7/resources/resources/3d/engine/editor/assets/default_renderpipeline/builtin-pipeline-settings.ts from cce:/internal/x/prerequisite-imports as file:///C:/ProgramData/cocos/editors/Creator/3.8.7/resources/resources/3d/engine/editor/assets/default_renderpipeline/builtin-pipeline-settings.ts.
22:47:27.964 debug: Resolve file:///C:/ProgramData/cocos/editors/Creator/3.8.7/resources/resources/3d/engine/editor/assets/default_renderpipeline/builtin-pipeline-types.ts from cce:/internal/x/prerequisite-imports as file:///C:/ProgramData/cocos/editors/Creator/3.8.7/resources/resources/3d/engine/editor/assets/default_renderpipeline/builtin-pipeline-types.ts.
22:47:27.965 debug: Resolve file:///C:/ProgramData/cocos/editors/Creator/3.8.7/resources/resources/3d/engine/editor/assets/default_renderpipeline/builtin-pipeline.ts from cce:/internal/x/prerequisite-imports as file:///C:/ProgramData/cocos/editors/Creator/3.8.7/resources/resources/3d/engine/editor/assets/default_renderpipeline/builtin-pipeline.ts.
22:47:27.966 debug: Resolve file:///C:/ProgramData/cocos/editors/Creator/3.8.7/resources/resources/3d/engine/editor/assets/tools/debug-view-runtime-control.ts from cce:/internal/x/prerequisite-imports as file:///C:/ProgramData/cocos/editors/Creator/3.8.7/resources/resources/3d/engine/editor/assets/tools/debug-view-runtime-control.ts.
22:47:27.967 debug: Resolve file:///C:/Users/ADMIN/snakegame/assets/SnakeController.ts from cce:/internal/x/prerequisite-imports as file:///C:/Users/ADMIN/snakegame/assets/SnakeController.ts.
22:47:27.968 debug: Resolve file:///C:/Users/ADMIN/snakegame/assets/applecontroller.ts from cce:/internal/x/prerequisite-imports as file:///C:/Users/ADMIN/snakegame/assets/applecontroller.ts.
22:47:27.996 debug: Target(preview) ends with cost 97.32489999989048ms.
